do run
loading script "jan_unknown120_60.py"
loading script "jan_pump_ms.py"
loading script "jan_co2.py"
loading script "jan_pump_extraction_line.py"
testing...
no interpolation path defined
executed snippet estimated_duration=213.652928, duration=0.00019907951355
script duration name:unknown120_60 seconds:214.0
loading script "jan_unknown120_60.py"
loading script "jan_pump_ms.py"
loading script "jan_co2.py"
loading script "jan_pump_extraction_line.py"
testing...
no interpolation path defined
executed snippet estimated_duration=0, duration=1.97887420654e-05
loading script "jan_unknown120_60.py"
loading script "jan_pump_ms.py"
loading script "jan_co2.py"
loading script "jan_pump_extraction_line.py"
testing...
no interpolation path defined
calculate duration
testing...
no interpolation path defined
executed snippet estimated_duration=0, duration=4.6968460083e-05
calculate duration
testing...
no interpolation path defined
executed snippet estimated_duration=0, duration=9.01222229004e-05
executed snippet estimated_duration=0.0, duration=0.00241303443909
script duration name:co2 seconds:0.0
loading script "jan_unknown120_60.py"
loading script "jan_pump_ms.py"
loading script "jan_co2.py"
loading script "jan_pump_extraction_line.py"
testing...
no interpolation path defined
calculate duration
testing...
no interpolation path defined
executed snippet estimated_duration=4.0, duration=0.000131845474243
executed snippet estimated_duration=4.0, duration=0.00110292434692
Script duration 214.0
Run total estimated duration= 215.000
run duration: 0:03:35
doing event level: 2
04:51:11 -- Setting default integration. t=1.048576
setting integration time = 1.048576
SetIntegrationTime 1.048576 ===>> OK
----------------- start -----------------
**************** Experiment Type: Ar/Ar, Ar/Ar
create new session 4967310640
close session 4967310640
$$$$$ Clearing conditionals
adding conditionals CDDtrip
extract conditionals from file. /Users/jan/PychronDev/scripts/conditionals/CDDtrip.yaml
no attr for this modification cd={'extraction_str': '', 'attr': '', 'mapper': '', 'use_termination': False, 'start_count': 0, 'nskip': 0, 'window': 0, 'frequency': 1, 'teststr': '', 'action': 'Skip Next Run', 'ntrips': 1, 'use_truncation': False}
adding cancelation attr="Ar36" test="Ar36<0.002" start="60"
no attr for this truncation cd={'mapper': '', 'window': 0, 'frequency': 1, 'attr': '', 'teststr': '', 'start_count': 0, 'ntrips': 1}
adding termination attr="Ar40" test="Ar40>5000.0" start="1"
Invalid conditional kind="pre_run_terminations"
no attr for this action cd={'mapper': '', 'attr': '', 'start_count': 0, 'window': 0, 'frequency': 1, 'teststr': '', 'action': None, 'ntrips': 1}
Invalid conditional kind="post_run_terminations"
Add queue conditionals
add default conditionals
adding default conditionals from /Users/jan/PychronDev/setupfiles/spectrometer/default_conditionals.yaml
Start automated run 65641-08
loading script "jan_unknown120_60.py"
loading script "jan_pump_ms.py"
loading script "jan_co2.py"
loading script "jan_pump_extraction_line.py"
%%%%%%%%%%%%%%%%%% setting automated run 65641-08
No value "sensitivity_multiplier" in metadata
$$$$$$$$$$$$$$$ auto_save_detector_ic=False
============================= Pre Extraction Check =============================
loading queue conditionals pre_run_terminations
loading system conditionals pre_run_terminations
loading conditionals from /Users/jan/PychronDev/setupfiles/spectrometer/default_conditionals.yaml
04:51:12 -- ******* Pre Extraction Check *******
Get a measurement from the spectrometer
Pre Extraction Termination data. keys=H2,H1,AX,L1,L2,CDD, signals=-0.07653,0.17881,-0.07786,0.00930,0.01270,0.00286
04:51:12 -- testing system defined conditionals
Checking default pre extraction terminations n=2
testing CDD
evaluate ot="CDD.inactive" t="CDD", ctx="{'CDD': False}"
GetDeflection CDD ===>> 50
testing CDD==2000
evaluate ot="CDD.deflection==2000" t="CDD==2000", ctx="{'CDD': 50.0}"
04:51:12 -- ******* Pre Extraction Check Passed *******
=================================================================================
04:51:12 -- stopping status monitor
stop 4939519376
Status monitor stopped
Status monitor finished
04:51:13 -- starting status monitor
start 4939519376
StatusMonitor period=1. Frequencies(state=2, checksum=3, lock=5, owner=5)
start extraction
do extraction
Analysis started at 04:51:15.124059
Extraction Started jan_co2.py
04:51:15 -- ******* Extraction Started jan_co2.py *******
state changed from not run to extraction
DO EXTRACTION <pychron.extraction_line.pyscript_runner.RemotePyScriptRunner object at 0x12a13cd10>
testing...
no interpolation path defined
calculate duration
testing...
no interpolation path defined
executed snippet estimated_duration=0, duration=5.10215759277e-05
calculate duration
testing...
no interpolation path defined
executed snippet estimated_duration=0, duration=8.79764556885e-05
executed snippet estimated_duration=100.0, duration=0.00336813926697
Jan CO2 laser analysis
doing GOSUB
testing...
no interpolation path defined
executed snippet estimated_duration=0, duration=3.79085540771e-05
Waiting for CO2 access
wait ('FelixCO2Flag', 0) {}
waiting for FelixCO2Flag = 0
Read FelixCO2Flag ===>> 0
finished waiting
CO2 free
wait ('CO2PumpTimeFlag', 0) {}
waiting for CO2PumpTimeFlag = 0
Read CO2PumpTimeFlag ===>> 0
finished waiting
acquire ('JanCO2Flag',) {'clear': True}
acquire JanCO2Flag
Set JanCO2Flag 1 ===>> OK
JanCO2Flag acquired
set extraction state False (0.75, 'red', 1.5)
CO2 acquired
executed snippet estimated_duration=0, duration=0.01793217659
WaitForCO2Access.py completed successfully
gosub finished
doing GOSUB
testing...
no interpolation path defined
executed snippet estimated_duration=0, duration=9.48905944824e-05
Prepare for CO2 analysis
close () {'description': 'Jan Inlet'}
close name=--- desc=Jan Inlet
checking ownership. requestor=129.138.12.150
check software interlocks R
interlocks []
actuate state mode=None-script, software_lock=False
doing actuation None-script close_channel False
Close R ===>> OK
GetIndicatorState R ===>> False
change switch state (True, True)
update switch state R False args=() kw={} ncanvase=3
04:51:15 -- CLOSE  VALVE-R (Jan Inlet)
-------------------------- close None (Jan Inlet) result=[(True, True)]
action=close, ok=True, locked=[False]
open () {'description': 'Jan Ion Pump'}
open name=--- desc=Jan Ion Pump
checking ownership. requestor=129.138.12.150
check software interlocks O
interlocks []
actuate state mode=None-script, software_lock=False
doing actuation None-script open_channel False
Open O ===>> OK
GetIndicatorState O ===>> OK
change switch state (True, True)
update switch state O True args=() kw={} ncanvase=3
04:51:15 -- OPEN   VALVE-O (Jan Ion Pump)
-------------------------- open None (Jan Ion Pump) result=[(True, True)]
action=open, ok=True, locked=[False]
close () {'description': 'Microbone to Minibone'}
close name=--- desc=Microbone to Minibone
checking ownership. requestor=129.138.12.150
check software interlocks L
interlocks []
actuate state mode=None-script, software_lock=False
doing actuation None-script close_channel False
Close L ===>> OK
GetIndicatorState L ===>> False
change switch state (True, True)
update switch state L False args=() kw={} ncanvase=3
04:51:16 -- CLOSE  VALVE-L (Microbone to Minibone)
-------------------------- close None (Microbone to Minibone) result=[(True, True)]
action=close, ok=True, locked=[False]
open () {'description': 'Microbone to Turbo'}
open name=--- desc=Microbone to Turbo
checking ownership. requestor=129.138.12.150
check software interlocks U
interlocks []
actuate state mode=None-script, software_lock=False
doing actuation None-script open_channel False
Open U ===>> OK
GetIndicatorState U ===>> OK
change switch state (True, True)
update switch state U True args=() kw={} ncanvase=3
04:51:17 -- OPEN   VALVE-U (Microbone to Turbo)
-------------------------- open None (Microbone to Turbo) result=[(True, True)]
action=open, ok=True, locked=[False]
open () {'description': 'Microbone to Inlet Pipette'}
open name=--- desc=Microbone to Inlet Pipette
checking ownership. requestor=129.138.12.150
check software interlocks S
interlocks []
actuate state mode=None-script, software_lock=False
doing actuation None-script open_channel False
Open S ===>> OK
GetIndicatorState S ===>> OK
change switch state (True, True)
update switch state S True args=() kw={} ncanvase=3
04:51:17 -- OPEN   VALVE-S (Microbone to Inlet Pipette)
-------------------------- open None (Microbone to Inlet Pipette) result=[(True, True)]
action=open, ok=True, locked=[False]
open () {'description': 'Microbone to Getter D-50'}
open name=--- desc=Microbone to Getter D-50
checking ownership. requestor=129.138.12.150
check software interlocks K
interlocks []
actuate state mode=None-script, software_lock=False
doing actuation None-script open_channel False
Open K ===>> OK
GetIndicatorState K ===>> OK
change switch state (True, True)
update switch state K True args=() kw={} ncanvase=3
04:51:18 -- OPEN   VALVE-K (Microbone to Getter D-50)
-------------------------- open None (Microbone to Getter D-50) result=[(True, True)]
action=open, ok=True, locked=[False]
open () {'description': 'Microbone to Getter NP-10'}
open name=--- desc=Microbone to Getter NP-10
checking ownership. requestor=129.138.12.150
check software interlocks M
interlocks []
actuate state mode=None-script, software_lock=False
doing actuation None-script open_channel False
Open M ===>> OK
GetIndicatorState M ===>> OK
change switch state (True, True)
update switch state M True args=() kw={} ncanvase=3
04:51:18 -- OPEN   VALVE-M (Microbone to Getter NP-10)
-------------------------- open None (Microbone to Getter NP-10) result=[(True, True)]
action=open, ok=True, locked=[False]
close () {'description': 'CO2 Laser to Felix'}
close name=--- desc=CO2 Laser to Felix
checking ownership. requestor=129.138.12.150
check software interlocks F
interlocks []
actuate state mode=None-script, software_lock=True
VALVE-F(CO2 Laser to Felix) software locked
change switch state (True, False)
-------------------------- close None (CO2 Laser to Felix) result=[(True, False)]
action=close, ok=True, locked=[True]
open () {'description': 'CO2 Laser to Jan'}
open name=--- desc=CO2 Laser to Jan
checking ownership. requestor=129.138.12.150
check software interlocks A
interlocks []
actuate state mode=None-script, software_lock=False
doing actuation None-script open_channel False
Open A ===>> OK
GetIndicatorState A ===>> OK
change switch state (True, True)
update switch state A True args=() kw={} ncanvase=3
04:51:19 -- OPEN   VALVE-A (CO2 Laser to Jan)
-------------------------- open None (CO2 Laser to Jan) result=[(True, True)]
action=open, ok=True, locked=[False]
open () {'description': 'Microbone to CO2 Laser'}
open name=--- desc=Microbone to CO2 Laser
checking ownership. requestor=129.138.12.150
check software interlocks T
interlocks []
actuate state mode=None-script, software_lock=False
doing actuation None-script open_channel False
Open T ===>> OK
GetIndicatorState T ===>> OK
change switch state (True, True)
update switch state T True args=() kw={} ncanvase=3
04:51:19 -- OPEN   VALVE-T (Microbone to CO2 Laser)
-------------------------- open None (Microbone to CO2 Laser) result=[(True, True)]
action=open, ok=True, locked=[False]
executed snippet estimated_duration=0, duration=5.03872489929
PrepareForCO2Analysis.py completed successfully
gosub finished
set_motor ('beam', '1.0') {}
setting motor "beam" to 1.0
set motor beam to 1.0
SetMotor beam,1.0 ===>> OK
GetMotorMoving beam ===>> False
GetMotorMoving beam ===>> False
Block completed
move_to_position ('176',) {'autocenter': True}
FusionsCO2 move to position 176
sending GoToHole 176,True
GoToHole 176,True ===>> OK
GetDriveMoving ===>> OK
GetDriveMoving ===>> OK
GetDriveMoving ===>> OK
GetDriveMoving ===>> OK
GetDriveMoving ===>> OK
GetDriveMoving ===>> OK
GetDriveMoving ===>> OK
GetDriveMoving ===>> False
GetDriveMoving ===>> OK
GetDriveMoving ===>> OK
GetDriveMoving ===>> OK
GetDriveMoving ===>> OK
GetDriveMoving ===>> OK
GetDriveMoving ===>> OK
GetDriveMoving ===>> False
Block completed
GetAutoCorrecting ===>> False
GetAutoCorrecting ===>> False
Block completed
update position
GetPosition ===>> 0.00000,-7.97560,1.00000
got position (0.0, -7.9756, 1.0)
move to position succeeded
sleep (5,) {}
SLEEP 5.0
block started
WaitControl setup for 5.0  
Join finished
block finished. duration 5.05449700356
close () {'description': 'Microbone to Turbo'}
close name=--- desc=Microbone to Turbo
checking ownership. requestor=129.138.12.150
check software interlocks U
interlocks []
actuate state mode=None-script, software_lock=False
doing actuation None-script close_channel True
Close U ===>> OK
GetIndicatorState U ===>> False
change switch state (True, True)
update switch state U False args=() kw={} ncanvase=3
04:51:31 -- CLOSE  VALVE-U (Microbone to Turbo)
-------------------------- close None (Microbone to Turbo) result=[(True, True)]
action=close, ok=True, locked=[False]
enable laser
enable () {}
set extraction state FusionsCO2 Enabled (False, 'red', 1.5)
enabling laser
Enable ===>> OK
begin interval
BEGIN INTERVAL Interval 1 waiting for 30.0
block started
set extract to 4.5
WaitControl setup for 30.0  
extract (4.5,) {}
GetPosition ===>> 0.00000,-7.97560,1.00000
set extraction state FusionsCO2 ON! 4.5(watts) (0.75, 'red', 1.5)
extract sample to 4.5 (watts)
set laser output
SetLaserOutput 4.5,watts ===>> OK
executing pattern triangle.lp
execute_pattern ('triangle.lp',) {}
executing pattern triangle.lp
IsPatterning ===>> OK
IsPatterning ===>> OK
IsPatterning ===>> OK
IsPatterning ===>> OK
IsPatterning ===>> OK
IsPatterning ===>> OK
IsPatterning ===>> OK
IsPatterning ===>> OK
IsPatterning ===>> OK
IsPatterning ===>> OK
IsPatterning ===>> OK
IsPatterning ===>> OK
IsPatterning ===>> OK
IsPatterning ===>> OK
IsPatterning ===>> OK
IsPatterning ===>> OK
IsPatterning ===>> OK
IsPatterning ===>> OK
IsPatterning ===>> OK
IsPatterning ===>> OK
IsPatterning ===>> OK
IsPatterning ===>> OK
IsPatterning ===>> OK
IsPatterning ===>> OK
IsPatterning ===>> OK
IsPatterning ===>> OK
IsPatterning ===>> OK
IsPatterning ===>> False
IsPatterning ===>> False
Block completed
COMPLETE INTERVAL waiting for Interval 1 to complete
Join finished
block finished. duration 30.1459410191
Interval 1 finished
end_extract () {}
ending extraction. set laser power to 0
set laser power 0
SetLaserPower 0 ===>> OK
disable () {}
%%%%%%%%%%%%%%%%%%%%%%%%%%%%%%%%%%% disable
set extraction state False (0.75, 'red', 1.5)
disabling laser
Disable ===>> OK
sleep (30.0,) {}
SLEEP 30.0
block started
WaitControl setup for 30.0  
Join finished
block finished. duration 30.1265420914
executed snippet estimated_duration=165.5, duration=77.9186351299
jan_co2.py completed successfully
GetAchievedOutput ===>> No Response
Requested Output= 0.000
Achieved Output=  0.000
GetResponseBlob ===>> No Response
GetOutputBlob ===>> No Response
persistence save...
persistence save - db
AutomatedRunPersister post_extraction_save deprecated
persistence save - dvc
no extraction position for 176
Extraction Finished
04:52:33 -- ******* Extraction Finished *******
no overlap. not waiting for min ms pumptime
04:52:33 -- Sending spectrometer configuration
======== Sending configuration ========
SetDeflection CDD,50.0 ===>> OK
SetDeflection H2,0.0 ===>> OK
SetDeflection H1,0.0 ===>> OK
SetDeflection L2,825.0 ===>> OK
SetDeflection L1,400.0 ===>> OK
SetDeflection AX,190.0 ===>> OK
SetZFocus 74.64 ===>> OK
SetZSymmetry -50.72 ===>> OK
SetExtractionLens 26.13 ===>> OK
SetIonRepeller -3.81 ===>> OK
SetElectronEnergy 75.08 ===>> OK
SetYSymmetry -2.81 ===>> OK
SetIonCounterVoltage 1590.0 ===>> OK
send trap current 200.0
GetParameter Trap Current Readback ===>> 198.035158395898
SetParameter Trap Current Set,200.0 ===>> OK
updating mftable name mftable
Using mftable located at /Users/jan/PychronDev/setupfiles/spectrometer/mftables/mftable.csv
============ MFtable ===========
Isotope  H2     H1     AX     L1     L2     CDD    
Ar40     5.8249 5.8785 5.9916 6.1648 6.2302 6.3930
Ar39     5.7241 5.7708 5.8840 6.0509 6.1153 6.2795
Ar36     5.4017 5.4398 5.5474 5.7097 5.7703 5.9306
================================
get initial guess parabolic
get initial guess parabolic
get initial guess parabolic
get initial guess parabolic
get initial guess parabolic
get initial guess parabolic
======== Configuration Finished ========
GetYSymmetry ===>> -2.81
GetZSymmetry ===>> -50.72
GetParameter Trap Current Readback ===>> 197.923274125618
GetHighVoltage ===>> 4499.94659342336
start measurement
do measurement
L#=65641 analysis type=unknown
Measurement Started jan_unknown120_60.py
04:52:33 -- ******* Measurement Started jan_unknown120_60.py *******
state changed from extraction to measurement
setting trap, emission, spec, defl, and gains
GetExtractionLens ===>> 26.13
GetYSymmetry ===>> -2.81
GetZSymmetry ===>> -50.72
GetZFocus ===>> 74.64
GetDeflection H2 ===>> 0
GetDeflection H1 ===>> 0
GetDeflection AX ===>> 190
GetDeflection L1 ===>> 400
GetDeflection L2 ===>> 825
GetDeflection CDD ===>> 50
GetGain H2 ===>> 0.0113
GetGain H1 ===>> 0.1
GetGain AX ===>> 0.09675
GetGain L1 ===>> 0.010355
GetGain L2 ===>> 0.095649
GetGain CDD ===>> 0
GetParameter Trap Current Readback ===>> 198.147042666178
GetParameter Source Current Readback ===>> 551.928279313923
pre measurement save
New frame /Users/jan/PychronDev/data/isotopes/0d/4c248c-e0ea-400d-81a3-ff9924dc5621.h5
flush and close file /Users/jan/PychronDev/data/isotopes/0d/4c248c-e0ea-400d-81a3-ff9924dc5621.h5
testing...
no interpolation path defined
executed snippet estimated_duration=226.132928, duration=0.000140905380249
unknown measurement script
activate_detectors ('H2', 'H1', 'AX', 'L1', 'L2', 'CDD') {}
activate detectors
*************** Set Analysis View Ar/Ar
create graphs
clearing graphs
clear isotope group
setting isotope det=H2, iso=Ar41
setting isotope det=H1, iso=Ar40
setting isotope det=AX, iso=Ar39
setting isotope det=L1, iso=Ar38
setting isotope det=L2, iso=Ar37
setting isotope det=CDD, iso=Ar36
setting previous blanks
 - setting Ar41 blank 0.041+/-0.006
 - setting Ar40 blank 0.568+/-0.011
 - setting Ar36 blank 0.00519+/-0.00020
 - setting Ar37 blank 0.054+/-0.005
 - setting Ar38 blank 0.0046+/-0.0023
 - setting Ar39 blank 0.024+/-0.009
load analysis view
position_magnet ('Ar40',) {'detector': 'H1'}
detector Detector(H1)
POSITION Ar40 H1
setting detector H2 to Ar41 (40.9624)
setting detector H1 to Ar40 (39.9624)
setting detector AX to Ar39 (38.9624)
setting detector L1 to Ar38 (37.9624)
setting detector L2 to Ar37 (36.9624)
setting detector CDD to Ar36 (35.9624)
Mapping mass to dac mass func: "parabolic"
H1 map mass coeffs = [-0.00063987  0.15840543  0.57014999]
H1 map mass to dac 39.9624 >> 5.87854
GetDeflection H1 ===>> 0
GetHighVoltage ===>> 4499.94659342336
positioning Ar40 (5.87850538183) on H1
setting magnet DAC
current  : 5.878505
requested: 5.878505
Delta Dac: 0.000000
Checking detector protection. dv=0.00000
Checking detector "CDD". Protection Threshold: 0.8 (V)
SetMagnetDAC 5.87850538183 ===>> OK
Magnet settling time: 0.500
Magnet settling started None
Magnet settling complete
set_dac. change=True
update labels <pychron.experiment.plot_panel.PlotPanel object at 0x1ab12d0b0>
update labels "<pychron.graph.stacked_regression_graph.StackedRegressionGraph object at 0x17719d4d0>"
setting label 0 H2 Ar41
setting label 1 H1 Ar40
setting label 2 AX Ar39
setting label 3 L1 Ar38
setting label 4 L2 Ar37
setting label 5 CDD Ar36
update labels "<pychron.graph.stacked_graph.StackedGraph object at 0x17498d470>"
setting label 0 H2 Ar41
setting label 1 H1 Ar40
setting label 2 AX Ar39
setting label 3 L1 Ar38
setting label 4 L2 Ar37
equilibrate () {'delay': 3, 'inlet': 'R', 'outlet': 'O', 'eqtime': 12.0}
setting label 5 CDD Ar36
Equilibration Started
04:52:34 -- ******* Equilibration Started *******
checking ownership. requestor=129.138.12.150
check software interlocks O
interlocks []
actuate state mode=None-script, software_lock=False
doing actuation None-script close_channel True
Close O ===>> OK
GetIndicatorState O ===>> False
change switch state (True, True)
update switch state O False args=() kw={} ncanvase=3
04:52:34 -- CLOSE  VALVE-O (Jan Ion Pump)
waiting 3s before opening inlet value ('R',)
checking ownership. requestor=129.138.12.150
check software interlocks R
interlocks []
actuate state mode=None-script, software_lock=False
doing actuation None-script open_channel True
Open R ===>> OK
GetIndicatorState R ===>> OK
change switch state (True, True)
update switch state R True args=() kw={} ncanvase=3
04:52:38 -- OPEN   VALVE-R (Jan Inlet)
equilibrating for 12.0sec
set_time_zero () {}
sniff (12.0,) {}
py_sniff
build tables- sniff [Detector(H2), Detector(H1), Detector(AX), Detector(L1), Detector(L2), Detector(CDD)]
add group /sniff/Ar41 (Group) '' table H2
add group /sniff/Ar40 (Group) '' table H1
add group /sniff/Ar39 (Group) '' table AX
add group /sniff/Ar38 (Group) '' table L1
add group /sniff/Ar37 (Group) '' table L2
add group /sniff/Ar36 (Group) '' table CDD
flush and close file /Users/jan/PychronDev/data/isotopes/0d/4c248c-e0ea-400d-81a3-ff9924dc5621.h5
measuring sniff. ncounts=12.0
"sniff" increment series count="1" fit count="0" regressing="False"
starting measurement
Equilibration Finished
04:52:50 -- ******* Equilibration Finished *******
checking ownership. requestor=129.138.12.150
check software interlocks R
interlocks []
actuate state mode=None-script, software_lock=False
doing actuation None-script close_channel True
Close R ===>> OK
GetIndicatorState R ===>> False
change switch state (True, True)
update switch state R False args=() kw={} ncanvase=3
04:52:51 -- CLOSE  VALVE-R (Jan Inlet)
Post Equilibration Started jan_pump_extraction_line.py
04:52:51 -- ******* Post Equilibration Started jan_pump_extraction_line.py *******
testing...
no interpolation path defined
calculate duration
testing...
no interpolation path defined
executed snippet estimated_duration=4.0, duration=0.000149965286255
executed snippet estimated_duration=4.0, duration=0.00107598304749
Pump after analysis
doing GOSUB
testing...
no interpolation path defined
executed snippet estimated_duration=4.0, duration=0.000144004821777
Pump Microbone
close () {'description': 'Jan Inlet'}
close name=--- desc=Jan Inlet
checking ownership. requestor=129.138.12.150
check software interlocks R
interlocks []
actuate state mode=None-script, software_lock=False
doing actuation None-script close_channel False
waiting for write to finish
measurement finished
estimated time: 12.583 actual time: :12.738
flush and close file /Users/jan/PychronDev/data/isotopes/0d/4c248c-e0ea-400d-81a3-ff9924dc5621.h5
set_fits () {}
using default fits file=/Users/jan/PychronDev/scripts/measurement/fits/nominal_linear.yaml
set "Ar41" to "('Average', 'SEM')"
set "Ar40" to "('Linear', 'SEM')"
set "Ar36" to "('Linear', 'SEM')"
set "Ar37" to "('linear', 'SEM')"
set "Ar38" to "('linear', 'SEM')"
set "Ar39" to "('Linear', 'SEM')"
set_baseline_fits () {}
using default fits file=/Users/jan/PychronDev/scripts/measurement/fits/nominal_linear.yaml
set "H2" to "('average', 'SEM')"
set "H1" to "('average', 'SEM')"
set "CDD" to "('average', 'SEM')"
set "L2" to "('average', 'SEM')"
set "L1" to "('average', 'SEM')"
set "AX" to "('average', 'SEM')"
multicollect () {'integration_time': 1, 'ncounts': 120}
build tables- signal [Detector(H2), Detector(H1), Detector(AX), Detector(L1), Detector(L2), Detector(CDD)]
add group /signal/Ar41 (Group) '' table H2
add group /signal/Ar40 (Group) '' table H1
add group /signal/Ar39 (Group) '' table AX
add group /signal/Ar38 (Group) '' table L1
add group /signal/Ar37 (Group) '' table L2
add group /signal/Ar36 (Group) '' table CDD
flush and close file /Users/jan/PychronDev/data/isotopes/0d/4c248c-e0ea-400d-81a3-ff9924dc5621.h5
measuring signal. ncounts=120
Close R ===>> OK
GetIndicatorState R ===>> False
change switch state (True, True)
update switch state R False args=() kw={} ncanvase=3
04:52:51 -- CLOSE  VALVE-R (Jan Inlet)
-------------------------- close None (Jan Inlet) result=[(True, True)]
"signal" increment series count="2" fit count="1" regressing="True"
action=close, ok=True, locked=[False]
is_closed ('F',) {}
is F () closed?
is closed True
open () {'description': 'CO2 Laser to Jan'}
open name=--- desc=CO2 Laser to Jan
checking ownership. requestor=129.138.12.150
check software interlocks A
interlocks []
actuate state mode=None-script, software_lock=False
doing actuation None-script open_channel False
Open A ===>> OK
starting measurement
GetIndicatorState A ===>> OK
change switch state (True, True)
update switch state A True args=() kw={} ncanvase=3
04:52:52 -- OPEN   VALVE-A (CO2 Laser to Jan)
-------------------------- open None (CO2 Laser to Jan) result=[(True, True)]
action=open, ok=True, locked=[False]
sleep (1,) {}
SLEEP 1.0
testing Ar40>5000.0
evaluate ot="Ar40>5000.0" t="Ar40>5000.0", ctx="{'Ar40': 447.02783974152163}"
close () {'description': 'CO2 Laser to Roughing'}
close name=--- desc=CO2 Laser to Roughing
checking ownership. requestor=129.138.12.150
check software interlocks G
interlocks []
actuate state mode=None-script, software_lock=True
VALVE-G(CO2 Laser to Roughing) software locked
change switch state (True, False)
-------------------------- close None (CO2 Laser to Roughing) result=[(True, False)]
action=close, ok=True, locked=[True]
open () {'description': 'Microbone to Turbo'}
open name=--- desc=Microbone to Turbo
checking ownership. requestor=129.138.12.150
check software interlocks U
interlocks []
actuate state mode=None-script, software_lock=False
doing actuation None-script open_channel True
Open U ===>> OK
set states for children of U. state=True
handle state [('U', True)]
update switch state U True args=() kw={'refresh': False} ncanvase=3
refresh_canvas_needed fired
GetIndicatorState U ===>> OK
change switch state (True, True)
update switch state U True args=() kw={} ncanvase=3
04:52:53 -- OPEN   VALVE-U (Microbone to Turbo)
-------------------------- open None (Microbone to Turbo) result=[(True, True)]
action=open, ok=True, locked=[False]
open () {'description': 'Microbone to Getter NP-10'}
open name=--- desc=Microbone to Getter NP-10
checking ownership. requestor=129.138.12.150
check software interlocks M
interlocks []
actuate state mode=None-script, software_lock=False
doing actuation None-script open_channel False
Open M ===>> OK
GetIndicatorState M ===>> OK
change switch state (True, True)
update switch state M True args=() kw={} ncanvase=3
04:52:54 -- OPEN   VALVE-M (Microbone to Getter NP-10)
-------------------------- open None (Microbone to Getter NP-10) result=[(True, True)]
testing Ar40>5000.0
evaluate ot="Ar40>5000.0" t="Ar40>5000.0", ctx="{'Ar40': 450.1398534231516}"
action=open, ok=True, locked=[False]
open () {'description': 'Microbone to Getter D-50'}
open name=--- desc=Microbone to Getter D-50
checking ownership. requestor=129.138.12.150
check software interlocks K
interlocks []
actuate state mode=None-script, software_lock=False
doing actuation None-script open_channel False
Open K ===>> OK
GetIndicatorState K ===>> OK
change switch state (True, True)
update switch state K True args=() kw={} ncanvase=3
04:52:54 -- OPEN   VALVE-K (Microbone to Getter D-50)
-------------------------- open None (Microbone to Getter D-50) result=[(True, True)]
action=open, ok=True, locked=[False]
open () {'description': 'Microbone to CO2 Laser'}
open name=--- desc=Microbone to CO2 Laser
checking ownership. requestor=129.138.12.150
check software interlocks T
interlocks []
actuate state mode=None-script, software_lock=False
doing actuation None-script open_channel False
testing Ar40>5000.0
evaluate ot="Ar40>5000.0" t="Ar40>5000.0", ctx="{'Ar40': 448.8002060701531}"
Open T ===>> OK
GetIndicatorState T ===>> OK
change switch state (True, True)
update switch state T True args=() kw={} ncanvase=3
04:52:55 -- OPEN   VALVE-T (Microbone to CO2 Laser)
-------------------------- open None (Microbone to CO2 Laser) result=[(True, True)]
action=open, ok=True, locked=[False]
open () {'description': 'Microbone to Inlet Pipette'}
open name=--- desc=Microbone to Inlet Pipette
checking ownership. requestor=129.138.12.150
check software interlocks S
interlocks []
actuate state mode=None-script, software_lock=False
doing actuation None-script open_channel False
Open S ===>> OK
GetIndicatorState S ===>> OK
change switch state (True, True)
testing Ar40>5000.0
update switch state S True args=() kw={} ncanvase=3
evaluate ot="Ar40>5000.0" t="Ar40>5000.0", ctx="{'Ar40': 448.64475005271214}"
testing H1<-5.0
evaluate ot="H1.bs<-5.0" t="H1<-5.0", ctx="{'H1': 0.14759060955215147}"
04:52:56 -- OPEN   VALVE-S (Microbone to Inlet Pipette)
-------------------------- open None (Microbone to Inlet Pipette) result=[(True, True)]
action=open, ok=True, locked=[False]
sleep (1,) {}
SLEEP 1.0
testing Ar40>5000.0
evaluate ot="Ar40>5000.0" t="Ar40>5000.0", ctx="{'Ar40': 449.2010337168804}"
set_resource () {'name': 'CO2PumpTimeFlag', 'value': 30}
Set CO2PumpTimeFlag 30 ===>> OK
release ('JanCO2Flag',) {}
release JanCO2Flag
Set JanCO2Flag 0 ===>> OK
executed snippet estimated_duration=6.0, duration=6.34153699875
PumpMicrobone.py completed successfully
gosub finished
get_resource_value () {'name': 'JanMiniboneFlag'}
Read JanMiniboneFlag ===>> 0
Get Resource Value JanMiniboneFlag=0.0
get resource value 0.0
get_resource_value () {'name': 'JanMiniboneFlag'}
Read JanMiniboneFlag ===>> 0
Get Resource Value JanMiniboneFlag=0.0
executed snippet estimated_duration=4.0, duration=6.35587406158
jan_pump_extraction_line.py completed successfully
Post Equilibration Finished
04:52:57 -- ******* Post Equilibration Finished *******
testing Ar40>5000.0
evaluate ot="Ar40>5000.0" t="Ar40>5000.0", ctx="{'Ar40': 449.06657289305775}"
testing Ar40>5000.0
evaluate ot="Ar40>5000.0" t="Ar40>5000.0", ctx="{'Ar40': 448.11074135274055}"
testing Ar40>5000.0
evaluate ot="Ar40>5000.0" t="Ar40>5000.0", ctx="{'Ar40': 448.11076883559286}"
testing Ar40>5000.0
evaluate ot="Ar40>5000.0" t="Ar40>5000.0", ctx="{'Ar40': 448.3407743728869}"
testing H1<-5.0
evaluate ot="H1.bs<-5.0" t="H1<-5.0", ctx="{'H1': 0.14759060955215147}"
testing Ar40>5000.0
evaluate ot="Ar40>5000.0" t="Ar40>5000.0", ctx="{'Ar40': 448.41727788756765}"
testing Ar40>5000.0
evaluate ot="Ar40>5000.0" t="Ar40>5000.0", ctx="{'Ar40': 448.5492974273403}"
testing Ar40>5000.0
evaluate ot="Ar40>5000.0" t="Ar40>5000.0", ctx="{'Ar40': 448.57648901833477}"
testing Ar40>5000.0
evaluate ot="Ar40>5000.0" t="Ar40>5000.0", ctx="{'Ar40': 448.6312563189806}"
testing Ar40>5000.0
evaluate ot="Ar40>5000.0" t="Ar40>5000.0", ctx="{'Ar40': 448.4934046023002}"
testing H1<-5.0
evaluate ot="H1.bs<-5.0" t="H1<-5.0", ctx="{'H1': 0.14759060955215147}"
testing Ar40>5000.0
evaluate ot="Ar40>5000.0" t="Ar40>5000.0", ctx="{'Ar40': 448.58951384552137}"
testing Ar40>5000.0
evaluate ot="Ar40>5000.0" t="Ar40>5000.0", ctx="{'Ar40': 448.62402947376046}"
testing Ar40>5000.0
evaluate ot="Ar40>5000.0" t="Ar40>5000.0", ctx="{'Ar40': 448.6983287974636}"
testing Ar40>5000.0
evaluate ot="Ar40>5000.0" t="Ar40>5000.0", ctx="{'Ar40': 448.73326115886124}"
testing Ar40>5000.0
evaluate ot="Ar40>5000.0" t="Ar40>5000.0", ctx="{'Ar40': 448.7695094019433}"
testing H1<-5.0
evaluate ot="H1.bs<-5.0" t="H1<-5.0", ctx="{'H1': 0.14759060955215147}"
testing Ar40>5000.0
evaluate ot="Ar40>5000.0" t="Ar40>5000.0", ctx="{'Ar40': 448.762466873719}"
testing Ar40>5000.0
evaluate ot="Ar40>5000.0" t="Ar40>5000.0", ctx="{'Ar40': 448.7384602084413}"
testing Ar40>5000.0
evaluate ot="Ar40>5000.0" t="Ar40>5000.0", ctx="{'Ar40': 448.7996132040585}"
testing Ar40>5000.0
evaluate ot="Ar40>5000.0" t="Ar40>5000.0", ctx="{'Ar40': 448.90193836393456}"
testing Ar40>5000.0
evaluate ot="Ar40>5000.0" t="Ar40>5000.0", ctx="{'Ar40': 448.9208742923569}"
testing H1<-5.0
evaluate ot="H1.bs<-5.0" t="H1<-5.0", ctx="{'H1': 0.14759060955215147}"
04:53:17 -- collecting point 25
testing Ar40>5000.0
evaluate ot="Ar40>5000.0" t="Ar40>5000.0", ctx="{'Ar40': 448.951263880971}"
testing Ar40>5000.0
evaluate ot="Ar40>5000.0" t="Ar40>5000.0", ctx="{'Ar40': 449.0048524119807}"
testing Ar40>5000.0
evaluate ot="Ar40>5000.0" t="Ar40>5000.0", ctx="{'Ar40': 448.9513086558329}"
testing Ar40>5000.0
evaluate ot="Ar40>5000.0" t="Ar40>5000.0", ctx="{'Ar40': 448.96919991950665}"
testing Ar40>5000.0
evaluate ot="Ar40>5000.0" t="Ar40>5000.0", ctx="{'Ar40': 449.01294569381946}"
testing H1<-5.0
evaluate ot="H1.bs<-5.0" t="H1<-5.0", ctx="{'H1': 0.14759060955215147}"
testing Ar40>5000.0
evaluate ot="Ar40>5000.0" t="Ar40>5000.0", ctx="{'Ar40': 449.0203699084324}"
testing Ar40>5000.0
evaluate ot="Ar40>5000.0" t="Ar40>5000.0", ctx="{'Ar40': 448.9621131985388}"
testing Ar40>5000.0
evaluate ot="Ar40>5000.0" t="Ar40>5000.0", ctx="{'Ar40': 448.9251235361643}"
testing Ar40>5000.0
evaluate ot="Ar40>5000.0" t="Ar40>5000.0", ctx="{'Ar40': 448.8998662280644}"
ask. get packet. error: timed out address: UDP://129.138.12.152:1069
testing Ar40>5000.0
evaluate ot="Ar40>5000.0" t="Ar40>5000.0", ctx="{'Ar40': 448.8835181205616}"
testing H1<-5.0
evaluate ot="H1.bs<-5.0" t="H1<-5.0", ctx="{'H1': 0.14759060955215147}"
testing Ar40>5000.0
evaluate ot="Ar40>5000.0" t="Ar40>5000.0", ctx="{'Ar40': 448.89157434584087}"
testing Ar40>5000.0
evaluate ot="Ar40>5000.0" t="Ar40>5000.0", ctx="{'Ar40': 448.8904100241752}"
testing Ar40>5000.0
evaluate ot="Ar40>5000.0" t="Ar40>5000.0", ctx="{'Ar40': 448.8894463952825}"
testing Ar40>5000.0
evaluate ot="Ar40>5000.0" t="Ar40>5000.0", ctx="{'Ar40': 448.87599090694385}"
testing Ar40>5000.0
evaluate ot="Ar40>5000.0" t="Ar40>5000.0", ctx="{'Ar40': 448.88243017032516}"
testing H1<-5.0
evaluate ot="H1.bs<-5.0" t="H1<-5.0", ctx="{'H1': 0.14759060955215147}"
testing Ar40>5000.0
evaluate ot="Ar40>5000.0" t="Ar40>5000.0", ctx="{'Ar40': 448.9065635190155}"
testing Ar40>5000.0
evaluate ot="Ar40>5000.0" t="Ar40>5000.0", ctx="{'Ar40': 448.88776664694615}"
testing Ar40>5000.0
evaluate ot="Ar40>5000.0" t="Ar40>5000.0", ctx="{'Ar40': 448.9008352495833}"
testing Ar40>5000.0
evaluate ot="Ar40>5000.0" t="Ar40>5000.0", ctx="{'Ar40': 448.91241398004234}"
testing Ar40>5000.0
evaluate ot="Ar40>5000.0" t="Ar40>5000.0", ctx="{'Ar40': 448.9040662176348}"
testing H1<-5.0
evaluate ot="H1.bs<-5.0" t="H1<-5.0", ctx="{'H1': 0.14759060955215147}"
testing Ar40>5000.0
evaluate ot="Ar40>5000.0" t="Ar40>5000.0", ctx="{'Ar40': 448.8951474249925}"
testing Ar40>5000.0
evaluate ot="Ar40>5000.0" t="Ar40>5000.0", ctx="{'Ar40': 448.9028685597256}"
testing Ar40>5000.0
evaluate ot="Ar40>5000.0" t="Ar40>5000.0", ctx="{'Ar40': 448.91309754499474}"
testing Ar40>5000.0
evaluate ot="Ar40>5000.0" t="Ar40>5000.0", ctx="{'Ar40': 448.92982683240865}"
testing Ar40>5000.0
evaluate ot="Ar40>5000.0" t="Ar40>5000.0", ctx="{'Ar40': 448.93087332672434}"
testing H1<-5.0
evaluate ot="H1.bs<-5.0" t="H1<-5.0", ctx="{'H1': 0.14759060955215147}"
04:53:43 -- collecting point 50
testing Ar40>5000.0
evaluate ot="Ar40>5000.0" t="Ar40>5000.0", ctx="{'Ar40': 448.9397038896686}"
testing Ar40>5000.0
evaluate ot="Ar40>5000.0" t="Ar40>5000.0", ctx="{'Ar40': 448.95172831453704}"
testing Ar40>5000.0
evaluate ot="Ar40>5000.0" t="Ar40>5000.0", ctx="{'Ar40': 448.94644181473734}"
testing Ar40>5000.0
evaluate ot="Ar40>5000.0" t="Ar40>5000.0", ctx="{'Ar40': 448.9440610630096}"
testing Ar40>5000.0
evaluate ot="Ar40>5000.0" t="Ar40>5000.0", ctx="{'Ar40': 448.9367238970606}"
testing H1<-5.0
evaluate ot="H1.bs<-5.0" t="H1<-5.0", ctx="{'H1': 0.14759060955215147}"
testing Ar40>5000.0
evaluate ot="Ar40>5000.0" t="Ar40>5000.0", ctx="{'Ar40': 448.9423833285381}"
testing Ar40>5000.0
evaluate ot="Ar40>5000.0" t="Ar40>5000.0", ctx="{'Ar40': 448.9492515653022}"
testing Ar40>5000.0
evaluate ot="Ar40>5000.0" t="Ar40>5000.0", ctx="{'Ar40': 448.9585537599136}"
testing Ar40>5000.0
evaluate ot="Ar40>5000.0" t="Ar40>5000.0", ctx="{'Ar40': 448.95091272466937}"
testing Ar40>5000.0
evaluate ot="Ar40>5000.0" t="Ar40>5000.0", ctx="{'Ar40': 448.95474606924313}"
testing H1<-5.0
evaluate ot="H1.bs<-5.0" t="H1<-5.0", ctx="{'H1': 0.14759060955215147}"
testing Ar40>5000.0
evaluate ot="Ar40>5000.0" t="Ar40>5000.0", ctx="{'Ar40': 448.94311328550003}"
testing Ar36<0.002
evaluate ot="Ar36<0.002" t="Ar36<0.002", ctx="{'Ar36': 0.0027217147461945914}"
testing Ar40>5000.0
evaluate ot="Ar40>5000.0" t="Ar40>5000.0", ctx="{'Ar40': 448.93492205917414}"
testing Ar36<0.002
evaluate ot="Ar36<0.002" t="Ar36<0.002", ctx="{'Ar36': 0.0027250502553176565}"
testing Ar40>5000.0
evaluate ot="Ar40>5000.0" t="Ar40>5000.0", ctx="{'Ar40': 448.934792369566}"
testing Ar36<0.002
evaluate ot="Ar36<0.002" t="Ar36<0.002", ctx="{'Ar36': 0.002621321675929672}"
testing Ar40>5000.0
evaluate ot="Ar40>5000.0" t="Ar40>5000.0", ctx="{'Ar40': 448.93673378744734}"
testing Ar36<0.002
evaluate ot="Ar36<0.002" t="Ar36<0.002", ctx="{'Ar36': 0.0026776160975948626}"
testing Ar40>5000.0
evaluate ot="Ar40>5000.0" t="Ar40>5000.0", ctx="{'Ar40': 448.93519262050467}"
testing Ar36<0.002
evaluate ot="Ar36<0.002" t="Ar36<0.002", ctx="{'Ar36': 0.0026786093420238808}"
testing H1<-5.0
evaluate ot="H1.bs<-5.0" t="H1<-5.0", ctx="{'H1': 0.14759060955215147}"
testing Ar40>5000.0
evaluate ot="Ar40>5000.0" t="Ar40>5000.0", ctx="{'Ar40': 448.94987834520884}"
testing Ar36<0.002
evaluate ot="Ar36<0.002" t="Ar36<0.002", ctx="{'Ar36': 0.002701988640384438}"
testing Ar40>5000.0
evaluate ot="Ar40>5000.0" t="Ar40>5000.0", ctx="{'Ar40': 448.9477993514932}"
testing Ar36<0.002
evaluate ot="Ar36<0.002" t="Ar36<0.002", ctx="{'Ar36': 0.002611315532152621}"
testing Ar40>5000.0
evaluate ot="Ar40>5000.0" t="Ar40>5000.0", ctx="{'Ar40': 448.939854153443}"
testing Ar36<0.002
evaluate ot="Ar36<0.002" t="Ar36<0.002", ctx="{'Ar36': 0.0026116613045989575}"
testing Ar40>5000.0
evaluate ot="Ar40>5000.0" t="Ar40>5000.0", ctx="{'Ar40': 448.93674786034734}"
testing Ar36<0.002
evaluate ot="Ar36<0.002" t="Ar36<0.002", ctx="{'Ar36': 0.0025925066385659766}"
testing Ar40>5000.0
evaluate ot="Ar40>5000.0" t="Ar40>5000.0", ctx="{'Ar40': 448.9200356587279}"
testing Ar36<0.002
evaluate ot="Ar36<0.002" t="Ar36<0.002", ctx="{'Ar36': 0.002582340581159915}"
testing H1<-5.0
evaluate ot="H1.bs<-5.0" t="H1<-5.0", ctx="{'H1': 0.14759060955215147}"
testing Ar40>5000.0
evaluate ot="Ar40>5000.0" t="Ar40>5000.0", ctx="{'Ar40': 448.8959117100519}"
testing Ar36<0.002
evaluate ot="Ar36<0.002" t="Ar36<0.002", ctx="{'Ar36': 0.002606438611523502}"
testing Ar40>5000.0
evaluate ot="Ar40>5000.0" t="Ar40>5000.0", ctx="{'Ar40': 448.89698583361763}"
testing Ar36<0.002
evaluate ot="Ar36<0.002" t="Ar36<0.002", ctx="{'Ar36': 0.0025015361513664}"
testing Ar40>5000.0
evaluate ot="Ar40>5000.0" t="Ar40>5000.0", ctx="{'Ar40': 448.89258958702175}"
testing Ar36<0.002
evaluate ot="Ar36<0.002" t="Ar36<0.002", ctx="{'Ar36': 0.002486893050763648}"
testing Ar40>5000.0
evaluate ot="Ar40>5000.0" t="Ar40>5000.0", ctx="{'Ar40': 448.89538803459845}"
testing Ar36<0.002
evaluate ot="Ar36<0.002" t="Ar36<0.002", ctx="{'Ar36': 0.0025112615685559054}"
testing Ar40>5000.0
evaluate ot="Ar40>5000.0" t="Ar40>5000.0", ctx="{'Ar40': 448.90345638800176}"
testing Ar36<0.002
evaluate ot="Ar36<0.002" t="Ar36<0.002", ctx="{'Ar36': 0.002480260917203881}"
testing H1<-5.0
evaluate ot="H1.bs<-5.0" t="H1<-5.0", ctx="{'H1': 0.14759060955215147}"
04:54:09 -- collecting point 75
testing Ar40>5000.0
evaluate ot="Ar40>5000.0" t="Ar40>5000.0", ctx="{'Ar40': 448.8955130369424}"
testing Ar36<0.002
evaluate ot="Ar36<0.002" t="Ar36<0.002", ctx="{'Ar36': 0.0024940240019582375}"
testing Ar40>5000.0
evaluate ot="Ar40>5000.0" t="Ar40>5000.0", ctx="{'Ar40': 448.89698127933974}"
testing Ar36<0.002
evaluate ot="Ar36<0.002" t="Ar36<0.002", ctx="{'Ar36': 0.002566239370488807}"
testing Ar40>5000.0
evaluate ot="Ar40>5000.0" t="Ar40>5000.0", ctx="{'Ar40': 448.90756909308675}"
testing Ar36<0.002
evaluate ot="Ar36<0.002" t="Ar36<0.002", ctx="{'Ar36': 0.002582596677826672}"
testing Ar40>5000.0
evaluate ot="Ar40>5000.0" t="Ar40>5000.0", ctx="{'Ar40': 448.9067768209766}"
testing Ar36<0.002
evaluate ot="Ar36<0.002" t="Ar36<0.002", ctx="{'Ar36': 0.002479841560946254}"
testing Ar40>5000.0
evaluate ot="Ar40>5000.0" t="Ar40>5000.0", ctx="{'Ar40': 448.9032269648813}"
testing Ar36<0.002
evaluate ot="Ar36<0.002" t="Ar36<0.002", ctx="{'Ar36': 0.002546058785233624}"
testing H1<-5.0
evaluate ot="H1.bs<-5.0" t="H1<-5.0", ctx="{'H1': 0.14759060955215147}"
testing Ar40>5000.0
evaluate ot="Ar40>5000.0" t="Ar40>5000.0", ctx="{'Ar40': 448.9048961199699}"
testing Ar36<0.002
evaluate ot="Ar36<0.002" t="Ar36<0.002", ctx="{'Ar36': 0.002493800815253533}"
testing Ar40>5000.0
evaluate ot="Ar40>5000.0" t="Ar40>5000.0", ctx="{'Ar40': 448.9062279435128}"
testing Ar36<0.002
evaluate ot="Ar36<0.002" t="Ar36<0.002", ctx="{'Ar36': 0.002483420174750524}"
testing Ar40>5000.0
evaluate ot="Ar40>5000.0" t="Ar40>5000.0", ctx="{'Ar40': 448.8952289414411}"
testing Ar36<0.002
evaluate ot="Ar36<0.002" t="Ar36<0.002", ctx="{'Ar36': 0.002474508352555687}"
testing Ar40>5000.0
evaluate ot="Ar40>5000.0" t="Ar40>5000.0", ctx="{'Ar40': 448.88518700428307}"
testing Ar36<0.002
evaluate ot="Ar36<0.002" t="Ar36<0.002", ctx="{'Ar36': 0.0024565265526998873}"
testing Ar40>5000.0
evaluate ot="Ar40>5000.0" t="Ar40>5000.0", ctx="{'Ar40': 448.88632202584665}"
testing Ar36<0.002
evaluate ot="Ar36<0.002" t="Ar36<0.002", ctx="{'Ar36': 0.0024096522297955706}"
testing H1<-5.0
evaluate ot="H1.bs<-5.0" t="H1<-5.0", ctx="{'H1': 0.14759060955215147}"
testing Ar40>5000.0
evaluate ot="Ar40>5000.0" t="Ar40>5000.0", ctx="{'Ar40': 448.87488909521664}"
testing Ar36<0.002
evaluate ot="Ar36<0.002" t="Ar36<0.002", ctx="{'Ar36': 0.002356369092929687}"
testing Ar40>5000.0
evaluate ot="Ar40>5000.0" t="Ar40>5000.0", ctx="{'Ar40': 448.87652696967046}"
testing Ar36<0.002
evaluate ot="Ar36<0.002" t="Ar36<0.002", ctx="{'Ar36': 0.00235699853426228}"
testing Ar40>5000.0
evaluate ot="Ar40>5000.0" t="Ar40>5000.0", ctx="{'Ar40': 448.8822497669227}"
testing Ar36<0.002
evaluate ot="Ar36<0.002" t="Ar36<0.002", ctx="{'Ar36': 0.0023682616817318506}"
testing Ar40>5000.0
evaluate ot="Ar40>5000.0" t="Ar40>5000.0", ctx="{'Ar40': 448.893610544432}"
testing Ar36<0.002
evaluate ot="Ar36<0.002" t="Ar36<0.002", ctx="{'Ar36': 0.0023700156417062693}"
testing Ar40>5000.0
evaluate ot="Ar40>5000.0" t="Ar40>5000.0", ctx="{'Ar40': 448.9082968496239}"
testing Ar36<0.002
evaluate ot="Ar36<0.002" t="Ar36<0.002", ctx="{'Ar36': 0.0023534151162404246}"
testing H1<-5.0
evaluate ot="H1.bs<-5.0" t="H1<-5.0", ctx="{'H1': 0.14759060955215147}"
testing Ar40>5000.0
evaluate ot="Ar40>5000.0" t="Ar40>5000.0", ctx="{'Ar40': 448.91537383610535}"
testing Ar36<0.002
evaluate ot="Ar36<0.002" t="Ar36<0.002", ctx="{'Ar36': 0.00231979580880201}"
testing Ar40>5000.0
evaluate ot="Ar40>5000.0" t="Ar40>5000.0", ctx="{'Ar40': 448.9119485168984}"
testing Ar36<0.002
evaluate ot="Ar36<0.002" t="Ar36<0.002", ctx="{'Ar36': 0.0023815986240660206}"
testing Ar40>5000.0
evaluate ot="Ar40>5000.0" t="Ar40>5000.0", ctx="{'Ar40': 448.90597384729904}"
testing Ar36<0.002
evaluate ot="Ar36<0.002" t="Ar36<0.002", ctx="{'Ar36': 0.0023538692503928026}"
testing Ar40>5000.0
evaluate ot="Ar40>5000.0" t="Ar40>5000.0", ctx="{'Ar40': 448.9115086918446}"
testing Ar36<0.002
evaluate ot="Ar36<0.002" t="Ar36<0.002", ctx="{'Ar36': 0.002314958037134592}"
testing Ar40>5000.0
evaluate ot="Ar40>5000.0" t="Ar40>5000.0", ctx="{'Ar40': 448.91028324942596}"
testing Ar36<0.002
evaluate ot="Ar36<0.002" t="Ar36<0.002", ctx="{'Ar36': 0.0023456616342130204}"
testing H1<-5.0
evaluate ot="H1.bs<-5.0" t="H1<-5.0", ctx="{'H1': 0.14759060955215147}"
testing Ar40>5000.0
evaluate ot="Ar40>5000.0" t="Ar40>5000.0", ctx="{'Ar40': 448.90540551835096}"
testing Ar36<0.002
evaluate ot="Ar36<0.002" t="Ar36<0.002", ctx="{'Ar36': 0.0024061442449050023}"
testing Ar40>5000.0
evaluate ot="Ar40>5000.0" t="Ar40>5000.0", ctx="{'Ar40': 448.9081873758651}"
testing Ar36<0.002
evaluate ot="Ar36<0.002" t="Ar36<0.002", ctx="{'Ar36': 0.0024208038025360116}"
testing Ar40>5000.0
evaluate ot="Ar40>5000.0" t="Ar40>5000.0", ctx="{'Ar40': 448.91281326442896}"
testing Ar36<0.002
evaluate ot="Ar36<0.002" t="Ar36<0.002", ctx="{'Ar36': 0.0024652622768033816}"
testing Ar40>5000.0
evaluate ot="Ar40>5000.0" t="Ar40>5000.0", ctx="{'Ar40': 448.90770172088656}"
testing Ar36<0.002
evaluate ot="Ar36<0.002" t="Ar36<0.002", ctx="{'Ar36': 0.002419526567505324}"
testing Ar40>5000.0
evaluate ot="Ar40>5000.0" t="Ar40>5000.0", ctx="{'Ar40': 448.905004271668}"
testing Ar36<0.002
evaluate ot="Ar36<0.002" t="Ar36<0.002", ctx="{'Ar36': 0.0024184779505360427}"
testing H1<-5.0
evaluate ot="H1.bs<-5.0" t="H1<-5.0", ctx="{'H1': 0.14759060955215147}"
04:54:36 -- collecting point 100
testing Ar40>5000.0
evaluate ot="Ar40>5000.0" t="Ar40>5000.0", ctx="{'Ar40': 448.9044611863938}"
testing Ar36<0.002
evaluate ot="Ar36<0.002" t="Ar36<0.002", ctx="{'Ar36': 0.0024099435146599504}"
testing Ar40>5000.0
evaluate ot="Ar40>5000.0" t="Ar40>5000.0", ctx="{'Ar40': 448.89962222795964}"
testing Ar36<0.002
evaluate ot="Ar36<0.002" t="Ar36<0.002", ctx="{'Ar36': 0.0024065738575836434}"
testing Ar40>5000.0
evaluate ot="Ar40>5000.0" t="Ar40>5000.0", ctx="{'Ar40': 448.8939577580889}"
testing Ar36<0.002
evaluate ot="Ar36<0.002" t="Ar36<0.002", ctx="{'Ar36': 0.002380001393537021}"
testing Ar40>5000.0
evaluate ot="Ar40>5000.0" t="Ar40>5000.0", ctx="{'Ar40': 448.8835484505848}"
testing Ar36<0.002
evaluate ot="Ar36<0.002" t="Ar36<0.002", ctx="{'Ar36': 0.002410837342115355}"
testing Ar40>5000.0
evaluate ot="Ar40>5000.0" t="Ar40>5000.0", ctx="{'Ar40': 448.8771442597581}"
testing Ar36<0.002
evaluate ot="Ar36<0.002" t="Ar36<0.002", ctx="{'Ar36': 0.0024016887079838555}"
testing H1<-5.0
evaluate ot="H1.bs<-5.0" t="H1<-5.0", ctx="{'H1': 0.14759060955215147}"
testing Ar40>5000.0
evaluate ot="Ar40>5000.0" t="Ar40>5000.0", ctx="{'Ar40': 448.87273621816234}"
testing Ar36<0.002
evaluate ot="Ar36<0.002" t="Ar36<0.002", ctx="{'Ar36': 0.0023897715134521087}"
testing Ar40>5000.0
evaluate ot="Ar40>5000.0" t="Ar40>5000.0", ctx="{'Ar40': 448.8684631645458}"
testing Ar36<0.002
evaluate ot="Ar36<0.002" t="Ar36<0.002", ctx="{'Ar36': 0.0023981678895132388}"
testing Ar40>5000.0
evaluate ot="Ar40>5000.0" t="Ar40>5000.0", ctx="{'Ar40': 448.8682041451604}"
testing Ar36<0.002
evaluate ot="Ar36<0.002" t="Ar36<0.002", ctx="{'Ar36': 0.0023841518729992477}"
testing Ar40>5000.0
evaluate ot="Ar40>5000.0" t="Ar40>5000.0", ctx="{'Ar40': 448.8712729011124}"
testing Ar36<0.002
evaluate ot="Ar36<0.002" t="Ar36<0.002", ctx="{'Ar36': 0.0023453387768372245}"
testing Ar40>5000.0
evaluate ot="Ar40>5000.0" t="Ar40>5000.0", ctx="{'Ar40': 448.87298964668264}"
testing Ar36<0.002
evaluate ot="Ar36<0.002" t="Ar36<0.002", ctx="{'Ar36': 0.0023532421890731245}"
testing H1<-5.0
evaluate ot="H1.bs<-5.0" t="H1<-5.0", ctx="{'H1': 0.14759060955215147}"
testing Ar40>5000.0
evaluate ot="Ar40>5000.0" t="Ar40>5000.0", ctx="{'Ar40': 448.86770837863355}"
testing Ar36<0.002
evaluate ot="Ar36<0.002" t="Ar36<0.002", ctx="{'Ar36': 0.002295810978639898}"
testing Ar40>5000.0
evaluate ot="Ar40>5000.0" t="Ar40>5000.0", ctx="{'Ar40': 448.8577942729013}"
testing Ar36<0.002
evaluate ot="Ar36<0.002" t="Ar36<0.002", ctx="{'Ar36': 0.0023389999989227497}"
testing Ar40>5000.0
evaluate ot="Ar40>5000.0" t="Ar40>5000.0", ctx="{'Ar40': 448.8493867151457}"
testing Ar36<0.002
evaluate ot="Ar36<0.002" t="Ar36<0.002", ctx="{'Ar36': 0.0023166784425836086}"
testing Ar40>5000.0
evaluate ot="Ar40>5000.0" t="Ar40>5000.0", ctx="{'Ar40': 448.8490441715949}"
testing Ar36<0.002
evaluate ot="Ar36<0.002" t="Ar36<0.002", ctx="{'Ar36': 0.0023241996912508316}"
testing Ar40>5000.0
evaluate ot="Ar40>5000.0" t="Ar40>5000.0", ctx="{'Ar40': 448.84548768096147}"
testing Ar36<0.002
evaluate ot="Ar36<0.002" t="Ar36<0.002", ctx="{'Ar36': 0.0023320015773536686}"
testing H1<-5.0
evaluate ot="H1.bs<-5.0" t="H1<-5.0", ctx="{'H1': 0.14759060955215147}"
testing Ar40>5000.0
evaluate ot="Ar40>5000.0" t="Ar40>5000.0", ctx="{'Ar40': 448.8366701942159}"
testing Ar36<0.002
evaluate ot="Ar36<0.002" t="Ar36<0.002", ctx="{'Ar36': 0.0023193669077114544}"
testing Ar40>5000.0
evaluate ot="Ar40>5000.0" t="Ar40>5000.0", ctx="{'Ar40': 448.83703103742954}"
testing Ar36<0.002
evaluate ot="Ar36<0.002" t="Ar36<0.002", ctx="{'Ar36': 0.002324964869807068}"
testing Ar40>5000.0
evaluate ot="Ar40>5000.0" t="Ar40>5000.0", ctx="{'Ar40': 448.83028042189096}"
testing Ar36<0.002
evaluate ot="Ar36<0.002" t="Ar36<0.002", ctx="{'Ar36': 0.002347791615944301}"
testing Ar40>5000.0
evaluate ot="Ar40>5000.0" t="Ar40>5000.0", ctx="{'Ar40': 448.82500983839697}"
testing Ar36<0.002
evaluate ot="Ar36<0.002" t="Ar36<0.002", ctx="{'Ar36': 0.0023367938295865863}"
testing Ar40>5000.0
evaluate ot="Ar40>5000.0" t="Ar40>5000.0", ctx="{'Ar40': 448.8260936931651}"
testing Ar36<0.002
evaluate ot="Ar36<0.002" t="Ar36<0.002", ctx="{'Ar36': 0.002310323291918919}"
testing H1<-5.0
evaluate ot="H1.bs<-5.0" t="H1<-5.0", ctx="{'H1': 0.14759060955215147}"
waiting for write to finish
measurement finished
estimated time: 125.829 actual time: :126.347
flush and close file /Users/jan/PychronDev/data/isotopes/0d/4c248c-e0ea-400d-81a3-ff9924dc5621.h5
baselines () {'settling_time': 15.0, 'detector': 'H1', 'mass': 34.2, 'ncounts': 60}
%%%%%%%%%%%%%%%%%%%%%%%%%%%%%%%% Baseline
build tables- baseline [Detector(H2), Detector(H1), Detector(AX), Detector(L1), Detector(L2), Detector(CDD)]
add group baseline table H2
add group baseline table H1
add group baseline table AX
add group baseline table L1
add group baseline table L2
add group baseline table CDD
flush and close file /Users/jan/PychronDev/data/isotopes/0d/4c248c-e0ea-400d-81a3-ff9924dc5621.h5
detector Detector(H1)
POSITION 34.2 H1
Mapping mass to dac mass func: "parabolic"
H1 map mass coeffs = [-0.00063987  0.15840543  0.57014999]
H1 map mass to dac 34.2 >> 5.23919599104
GetDeflection H1 ===>> 0
GetHighVoltage ===>> 4499.94659342336
positioning 34.2 (5.23916513791) on H1
setting magnet DAC
current  : 5.878505
requested: 5.239165
Delta Dac: 0.639340
Checking detector protection. dv=0.63934
Checking detector "CDD". Protection Threshold: 0.8 (V)
SetMagnetDAC 5.23916513791 ===>> OK
Magnet settling time: 0.500
Magnet settling started None
Magnet settling complete
set_dac. change=True
Delaying 15.0s for detectors to settle
Join finished
measuring baseline. ncounts=60
"baseline" increment series count="2" fit count="1" regressing="True"
starting measurement
testing Ar40>5000.0
evaluate ot="Ar40>5000.0" t="Ar40>5000.0", ctx="{'Ar40': 448.8231148228801}"
testing Ar40>5000.0
evaluate ot="Ar40>5000.0" t="Ar40>5000.0", ctx="{'Ar40': 448.83997701969395}"
testing Ar40>5000.0
evaluate ot="Ar40>5000.0" t="Ar40>5000.0", ctx="{'Ar40': 448.8392684495153}"
testing Ar40>5000.0
evaluate ot="Ar40>5000.0" t="Ar40>5000.0", ctx="{'Ar40': 448.860440081076}"
testing H1<-5.0
evaluate ot="H1.bs<-5.0" t="H1<-5.0", ctx="{'H1': 0.1102653513562203}"
testing Ar40>5000.0
evaluate ot="Ar40>5000.0" t="Ar40>5000.0", ctx="{'Ar40': 448.860902332312}"
testing Ar40>5000.0
evaluate ot="Ar40>5000.0" t="Ar40>5000.0", ctx="{'Ar40': 448.862850729714}"
testing Ar40>5000.0
evaluate ot="Ar40>5000.0" t="Ar40>5000.0", ctx="{'Ar40': 448.86412145399663}"
testing Ar40>5000.0
evaluate ot="Ar40>5000.0" t="Ar40>5000.0", ctx="{'Ar40': 448.86452577604666}"
testing Ar40>5000.0
evaluate ot="Ar40>5000.0" t="Ar40>5000.0", ctx="{'Ar40': 448.85869512565887}"
testing H1<-5.0
evaluate ot="H1.bs<-5.0" t="H1<-5.0", ctx="{'H1': 0.11201030677335318}"
testing Ar40>5000.0
evaluate ot="Ar40>5000.0" t="Ar40>5000.0", ctx="{'Ar40': 448.8506956401698}"
testing Ar40>5000.0
evaluate ot="Ar40>5000.0" t="Ar40>5000.0", ctx="{'Ar40': 448.850294875642}"
testing Ar40>5000.0
evaluate ot="Ar40>5000.0" t="Ar40>5000.0", ctx="{'Ar40': 448.84695263231174}"
testing Ar40>5000.0
evaluate ot="Ar40>5000.0" t="Ar40>5000.0", ctx="{'Ar40': 448.8456797492902}"
testing Ar40>5000.0
evaluate ot="Ar40>5000.0" t="Ar40>5000.0", ctx="{'Ar40': 448.8457487082355}"
testing H1<-5.0
evaluate ot="H1.bs<-5.0" t="H1<-5.0", ctx="{'H1': 0.12495672419672797}"
testing Ar40>5000.0
evaluate ot="Ar40>5000.0" t="Ar40>5000.0", ctx="{'Ar40': 448.8459715338222}"
testing Ar40>5000.0
evaluate ot="Ar40>5000.0" t="Ar40>5000.0", ctx="{'Ar40': 448.8463603845434}"
testing Ar40>5000.0
evaluate ot="Ar40>5000.0" t="Ar40>5000.0", ctx="{'Ar40': 448.8464606564578}"
testing Ar40>5000.0
evaluate ot="Ar40>5000.0" t="Ar40>5000.0", ctx="{'Ar40': 448.8471695163065}"
testing Ar40>5000.0
evaluate ot="Ar40>5000.0" t="Ar40>5000.0", ctx="{'Ar40': 448.8450817715296}"
testing H1<-5.0
evaluate ot="H1.bs<-5.0" t="H1<-5.0", ctx="{'H1': 0.12562366090265825}"
testing Ar40>5000.0
evaluate ot="Ar40>5000.0" t="Ar40>5000.0", ctx="{'Ar40': 448.8443324271785}"
testing Ar40>5000.0
evaluate ot="Ar40>5000.0" t="Ar40>5000.0", ctx="{'Ar40': 448.84162682659695}"
testing Ar40>5000.0
evaluate ot="Ar40>5000.0" t="Ar40>5000.0", ctx="{'Ar40': 448.8383864372404}"
testing Ar40>5000.0
evaluate ot="Ar40>5000.0" t="Ar40>5000.0", ctx="{'Ar40': 448.8368765426802}"
testing Ar40>5000.0
evaluate ot="Ar40>5000.0" t="Ar40>5000.0", ctx="{'Ar40': 448.83372136867564}"
testing H1<-5.0
evaluate ot="H1.bs<-5.0" t="H1<-5.0", ctx="{'H1': 0.13698406375656233}"
04:55:39 -- collecting point 25
testing Ar40>5000.0
evaluate ot="Ar40>5000.0" t="Ar40>5000.0", ctx="{'Ar40': 448.83353287141273}"
testing Ar40>5000.0
evaluate ot="Ar40>5000.0" t="Ar40>5000.0", ctx="{'Ar40': 448.8308710598478}"
testing Ar40>5000.0
evaluate ot="Ar40>5000.0" t="Ar40>5000.0", ctx="{'Ar40': 448.83082330748283}"
testing Ar40>5000.0
evaluate ot="Ar40>5000.0" t="Ar40>5000.0", ctx="{'Ar40': 448.83001642028654}"
testing Ar40>5000.0
evaluate ot="Ar40>5000.0" t="Ar40>5000.0", ctx="{'Ar40': 448.83028823472984}"
testing H1<-5.0
evaluate ot="H1.bs<-5.0" t="H1<-5.0", ctx="{'H1': 0.14041719770240887}"
testing Ar40>5000.0
evaluate ot="Ar40>5000.0" t="Ar40>5000.0", ctx="{'Ar40': 448.8292091182649}"
testing Ar40>5000.0
evaluate ot="Ar40>5000.0" t="Ar40>5000.0", ctx="{'Ar40': 448.8293423958375}"
testing Ar40>5000.0
evaluate ot="Ar40>5000.0" t="Ar40>5000.0", ctx="{'Ar40': 448.829238370048}"
testing Ar40>5000.0
evaluate ot="Ar40>5000.0" t="Ar40>5000.0", ctx="{'Ar40': 448.8297094452258}"
testing Ar40>5000.0
evaluate ot="Ar40>5000.0" t="Ar40>5000.0", ctx="{'Ar40': 448.82964145844056}"
testing H1<-5.0
evaluate ot="H1.bs<-5.0" t="H1<-5.0", ctx="{'H1': 0.14106397399164897}"
testing Ar40>5000.0
evaluate ot="Ar40>5000.0" t="Ar40>5000.0", ctx="{'Ar40': 448.8292769514395}"
testing Ar40>5000.0
evaluate ot="Ar40>5000.0" t="Ar40>5000.0", ctx="{'Ar40': 448.8285156016826}"
testing Ar40>5000.0
evaluate ot="Ar40>5000.0" t="Ar40>5000.0", ctx="{'Ar40': 448.8273001259253}"
testing Ar40>5000.0
evaluate ot="Ar40>5000.0" t="Ar40>5000.0", ctx="{'Ar40': 448.82340824195717}"
testing Ar40>5000.0
evaluate ot="Ar40>5000.0" t="Ar40>5000.0", ctx="{'Ar40': 448.8213570170145}"
testing H1<-5.0
evaluate ot="H1.bs<-5.0" t="H1<-5.0", ctx="{'H1': 0.14934841541770044}"
testing Ar40>5000.0
evaluate ot="Ar40>5000.0" t="Ar40>5000.0", ctx="{'Ar40': 448.8217789202989}"
testing Ar40>5000.0
evaluate ot="Ar40>5000.0" t="Ar40>5000.0", ctx="{'Ar40': 448.82390314681334}"
testing Ar40>5000.0
evaluate ot="Ar40>5000.0" t="Ar40>5000.0", ctx="{'Ar40': 448.8238636048436}"
testing Ar40>5000.0
evaluate ot="Ar40>5000.0" t="Ar40>5000.0", ctx="{'Ar40': 448.82453491704376}"
testing Ar40>5000.0
evaluate ot="Ar40>5000.0" t="Ar40>5000.0", ctx="{'Ar40': 448.8241524252772}"
testing H1<-5.0
evaluate ot="H1.bs<-5.0" t="H1<-5.0", ctx="{'H1': 0.14655300715505412}"
testing Ar40>5000.0
evaluate ot="Ar40>5000.0" t="Ar40>5000.0", ctx="{'Ar40': 448.8238460823257}"
testing Ar40>5000.0
evaluate ot="Ar40>5000.0" t="Ar40>5000.0", ctx="{'Ar40': 448.8227168407942}"
testing Ar40>5000.0
evaluate ot="Ar40>5000.0" t="Ar40>5000.0", ctx="{'Ar40': 448.82183361352753}"
testing Ar40>5000.0
evaluate ot="Ar40>5000.0" t="Ar40>5000.0", ctx="{'Ar40': 448.8225031386043}"
testing Ar40>5000.0
evaluate ot="Ar40>5000.0" t="Ar40>5000.0", ctx="{'Ar40': 448.8211850992156}"
testing H1<-5.0
evaluate ot="H1.bs<-5.0" t="H1<-5.0", ctx="{'H1': 0.14952033321664232}"
04:56:06 -- collecting point 50
testing Ar40>5000.0
evaluate ot="Ar40>5000.0" t="Ar40>5000.0", ctx="{'Ar40': 448.82144324726096}"
testing Ar40>5000.0
evaluate ot="Ar40>5000.0" t="Ar40>5000.0", ctx="{'Ar40': 448.8208224178221}"
testing Ar40>5000.0
evaluate ot="Ar40>5000.0" t="Ar40>5000.0", ctx="{'Ar40': 448.82091421522676}"
testing Ar40>5000.0
evaluate ot="Ar40>5000.0" t="Ar40>5000.0", ctx="{'Ar40': 448.8211049977167}"
testing Ar40>5000.0
evaluate ot="Ar40>5000.0" t="Ar40>5000.0", ctx="{'Ar40': 448.8199662634747}"
testing H1<-5.0
evaluate ot="H1.bs<-5.0" t="H1<-5.0", ctx="{'H1': 0.15073916895747205}"
testing Ar40>5000.0
evaluate ot="Ar40>5000.0" t="Ar40>5000.0", ctx="{'Ar40': 448.81979650557815}"
testing Ar40>5000.0
evaluate ot="Ar40>5000.0" t="Ar40>5000.0", ctx="{'Ar40': 448.81858886196005}"
testing Ar40>5000.0
evaluate ot="Ar40>5000.0" t="Ar40>5000.0", ctx="{'Ar40': 448.81907521689664}"
testing Ar40>5000.0
evaluate ot="Ar40>5000.0" t="Ar40>5000.0", ctx="{'Ar40': 448.8187987158909}"
testing Ar40>5000.0
evaluate ot="Ar40>5000.0" t="Ar40>5000.0", ctx="{'Ar40': 448.81798402448777}"
testing H1<-5.0
evaluate ot="H1.bs<-5.0" t="H1<-5.0", ctx="{'H1': 0.1527214079444426}"
waiting for write to finish
measurement finished
estimated time: 62.915 actual time: :63.303
flush and close file /Users/jan/PychronDev/data/isotopes/0d/4c248c-e0ea-400d-81a3-ff9924dc5621.h5
activate_detectors ('H1', 'AX', 'CDD') {'peak_center': True}
peak_center () {'detector': 'H1', 'integration_time': 0.262144, 'isotope': 'Ar40'}
peak center: mean=432.010627532 threshold=3
peak center started
setup peak center. detector=['H1', 'AX', 'CDD'], isotope=Ar40
VersionedUnpickler [<apptools.sweet_pickle.versioned_unpickler.VersionedUnpickler object at 0x19d6baa70>] using Updater [<apptools.sweet_pickle.updater.Updater object at 0x119ae0530>]
VersionedUnpickler [<apptools.sweet_pickle.versioned_unpickler.VersionedUnpickler object at 0x19d6baa70>] using Updater [<apptools.sweet_pickle.updater.Updater object at 0x119ae0530>]
VersionedUnpickler [<apptools.sweet_pickle.versioned_unpickler.VersionedUnpickler object at 0x1887161d0>] using Updater [<apptools.sweet_pickle.updater.Updater object at 0x119ae0530>]
Mapping mass to dac mass func: "parabolic"
H1 map mass coeffs = [-0.00063987  0.15840543  0.57014999]
H1 map mass to dac 39.9624 >> 5.87854
GetDeflection H1 ===>> 0
GetHighVoltage ===>> 4499.94659342336
do peak center. <pychron.spectrometer.jobs.peak_center.PeakCenter object at 0x125e26d70>
doing pc
starting peak center. center dac= 5.87850538183 step_width=0.0015
width = 0.0015
get scan parameters. half-width=0.015,window=0.015, i=0, scalar=1
Scan parameters center=5.87851 width=0.03000 (5.86351 - 5.89351)
Moving to starting dac 5.86350538183
setting magnet DAC
current  : 5.239165
requested: 5.863505
Delta Dac: 0.624340
Checking detector protection. dv=0.62434
Checking detector "CDD". Protection Threshold: 0.8 (V)
SetMagnetDAC 5.86350538183 ===>> OK
Magnet settling time: 0.500
Magnet settling started None
Magnet settling complete
set_dac. change=True
Wait until signal near baseline. tol= 0.104339160848. timeout= 10
Peak center baseline intensity achieved
_do_sweep sm= 5.86350538183, em= 5.89350538183, stm= 0.0015
calculated step values: start=5.86350538183, end=5.89350538183, width=0.0015, nsteps=21.0
setting magnet DAC
current  : 5.863505
requested: 5.863505
Delta Dac: 0.000000
Checking detector protection. dv=0.00000
Checking detector "CDD". Protection Threshold: 0.8 (V)
SetMagnetDAC 5.86350538183 ===>> OK
set_dac. change=False
setting magnet DAC
current  : 5.863505
requested: 5.865084
Delta Dac: 0.001579
Checking detector protection. dv=0.00158
Checking detector "CDD". Protection Threshold: 0.8 (V)
SetMagnetDAC 5.8650843292 ===>> OK
Magnet settling time: 2.097
Magnet settling started None
Magnet settling complete
set_dac. change=True
setting magnet DAC
current  : 5.865084
requested: 5.866663
Delta Dac: 0.001579
Checking detector protection. dv=0.00158
Checking detector "CDD". Protection Threshold: 0.8 (V)
SetMagnetDAC 5.86666327657 ===>> OK
Magnet settling time: 2.097
Magnet settling started None
Magnet settling complete
set_dac. change=True
setting magnet DAC
current  : 5.866663
requested: 5.868242
Delta Dac: 0.001579
Checking detector protection. dv=0.00158
Checking detector "CDD". Protection Threshold: 0.8 (V)
SetMagnetDAC 5.86824222393 ===>> OK
Magnet settling time: 2.097
Magnet settling started None
Magnet settling complete
set_dac. change=True
setting magnet DAC
current  : 5.868242
requested: 5.869821
Delta Dac: 0.001579
Checking detector protection. dv=0.00158
Checking detector "CDD". Protection Threshold: 0.8 (V)
SetMagnetDAC 5.8698211713 ===>> OK
Magnet settling time: 2.097
Magnet settling started None
Magnet settling complete
set_dac. change=True
setting magnet DAC
current  : 5.869821
requested: 5.871400
Delta Dac: 0.001579
Checking detector protection. dv=0.00158
Checking detector "CDD". Protection Threshold: 0.8 (V)
SetMagnetDAC 5.87140011867 ===>> OK
Magnet settling time: 2.097
Magnet settling started None
Magnet settling complete
set_dac. change=True
setting magnet DAC
current  : 5.871400
requested: 5.872979
Delta Dac: 0.001579
Checking detector protection. dv=0.00158
Checking detector "CDD". Protection Threshold: 0.8 (V)
SetMagnetDAC 5.87297906604 ===>> OK
Magnet settling time: 2.097
Magnet settling started None
Magnet settling complete
set_dac. change=True
setting magnet DAC
current  : 5.872979
requested: 5.874558
Delta Dac: 0.001579
Checking detector protection. dv=0.00158
Checking detector "CDD". Protection Threshold: 0.8 (V)
SetMagnetDAC 5.87455801341 ===>> OK
Magnet settling time: 2.097
Magnet settling started None
Magnet settling complete
set_dac. change=True
setting magnet DAC
current  : 5.874558
requested: 5.876137
Delta Dac: 0.001579
Checking detector protection. dv=0.00158
Checking detector "CDD". Protection Threshold: 0.8 (V)
SetMagnetDAC 5.87613696078 ===>> OK
Magnet settling time: 2.097
Magnet settling started None
Magnet settling complete
set_dac. change=True
setting magnet DAC
current  : 5.876137
requested: 5.877716
Delta Dac: 0.001579
Checking detector protection. dv=0.00158
Checking detector "CDD". Protection Threshold: 0.8 (V)
SetMagnetDAC 5.87771590814 ===>> OK
Magnet settling time: 2.097
Magnet settling started None
Magnet settling complete
set_dac. change=True
setting magnet DAC
current  : 5.877716
requested: 5.879295
Delta Dac: 0.001579
Checking detector protection. dv=0.00158
Checking detector "CDD". Protection Threshold: 0.8 (V)
SetMagnetDAC 5.87929485551 ===>> OK
Magnet settling time: 2.097
Magnet settling started None
Magnet settling complete
set_dac. change=True
setting magnet DAC
current  : 5.879295
requested: 5.880874
Delta Dac: 0.001579
Checking detector protection. dv=0.00158
Checking detector "CDD". Protection Threshold: 0.8 (V)
SetMagnetDAC 5.88087380288 ===>> OK
Magnet settling time: 2.097
Magnet settling started None
Magnet settling complete
set_dac. change=True
setting magnet DAC
current  : 5.880874
requested: 5.882453
Delta Dac: 0.001579
Checking detector protection. dv=0.00158
Checking detector "CDD". Protection Threshold: 0.8 (V)
SetMagnetDAC 5.88245275025 ===>> OK
Magnet settling time: 2.097
Magnet settling started None
Magnet settling complete
set_dac. change=True
setting magnet DAC
current  : 5.882453
requested: 5.884032
Delta Dac: 0.001579
Checking detector protection. dv=0.00158
Checking detector "CDD". Protection Threshold: 0.8 (V)
SetMagnetDAC 5.88403169762 ===>> OK
Magnet settling time: 2.097
Magnet settling started None
Magnet settling complete
set_dac. change=True
setting magnet DAC
current  : 5.884032
requested: 5.885611
Delta Dac: 0.001579
Checking detector protection. dv=0.00158
Checking detector "CDD". Protection Threshold: 0.8 (V)
SetMagnetDAC 5.88561064499 ===>> OK
Magnet settling time: 2.097
Magnet settling started None
Magnet settling complete
set_dac. change=True
setting magnet DAC
current  : 5.885611
requested: 5.887190
Delta Dac: 0.001579
Checking detector protection. dv=0.00158
Checking detector "CDD". Protection Threshold: 0.8 (V)
SetMagnetDAC 5.88718959236 ===>> OK
Magnet settling time: 2.097
Magnet settling started None
Magnet settling complete
set_dac. change=True
setting magnet DAC
current  : 5.887190
requested: 5.888769
Delta Dac: 0.001579
Checking detector protection. dv=0.00158
Checking detector "CDD". Protection Threshold: 0.8 (V)
SetMagnetDAC 5.88876853972 ===>> OK
Magnet settling time: 2.097
Magnet settling started None
Magnet settling complete
set_dac. change=True
setting magnet DAC
current  : 5.888769
requested: 5.890347
Delta Dac: 0.001579
Checking detector protection. dv=0.00158
Checking detector "CDD". Protection Threshold: 0.8 (V)
SetMagnetDAC 5.89034748709 ===>> OK
Magnet settling time: 2.097
Magnet settling started None
Magnet settling complete
set_dac. change=True
setting magnet DAC
current  : 5.890347
requested: 5.891926
Delta Dac: 0.001579
Checking detector protection. dv=0.00158
Checking detector "CDD". Protection Threshold: 0.8 (V)
SetMagnetDAC 5.89192643446 ===>> OK
Magnet settling time: 2.097
Magnet settling started None
Magnet settling complete
set_dac. change=True
setting magnet DAC
current  : 5.891926
requested: 5.893505
Delta Dac: 0.001579
Checking detector protection. dv=0.00158
Checking detector "CDD". Protection Threshold: 0.8 (V)
SetMagnetDAC 5.89350538183 ===>> OK
Magnet settling time: 2.097
Magnet settling started None
Magnet settling complete
set_dac. change=True
result of _do_sweep=True
result of _calculate_peak_center=([5.8708099910476168, 5.8784753217089394, 5.886140652370262], [305.53172189830173, 415.96614805100012, 303.55419447018517], 5.8761907525706638, 415.96614805100012)
Failed to find a valid peak. No peak greater than 1.0. max = 0.0168122222634
new center pos Detector(H1) (Ar40) @ 5.87847532171
GetHighVoltage ===>> 4499.94659342336
GetDeflection H1 ===>> 0
dac uncorrected for HV and deflection 5.8785099397
update mftable H1 Ar40 5.8785099397 message=automated run peakcenter
get initial guess parabolic
get initial guess parabolic
get initial guess parabolic
get initial guess parabolic
get initial guess parabolic
get initial guess parabolic
dump mftable to /Users/jan/PychronDev/setupfiles/spectrometer/mftables/mftable.csv
add to repo msg=modified - automated run peakcenter
sweep finished
locally archiving mftable
setting magnet DAC
current  : 5.893505
requested: 5.878475
Delta Dac: 0.015030
Checking detector protection. dv=0.01503
Checking detector "CDD". Protection Threshold: 0.8 (V)
SetMagnetDAC 5.87847532171 ===>> OK
Magnet settling time: 0.500
Magnet settling started None
Magnet settling complete
set_dac. change=True
Failed to find a valid peak. No peak greater than 1.0. max = 0.0168122222634
flush and close file /Users/jan/PychronDev/data/isotopes/0d/4c248c-e0ea-400d-81a3-ff9924dc5621.h5
finished measure script
executed snippet estimated_duration=226.132928, duration=268.767808914
jan_unknown120_60.py completed successfully
Measurement Finished
04:57:02 -- ******* Measurement Finished *******
Post Measurement Started jan_pump_ms.py
04:57:02 -- ******* Post Measurement Started jan_pump_ms.py *******
testing...
no interpolation path defined
executed snippet estimated_duration=0, duration=2.90870666504e-05
Pumping spectrometer
open () {'name': 'O'}
open name=O desc=---
checking ownership. requestor=129.138.12.150
check software interlocks O
interlocks []
actuate state mode=None-script, software_lock=False
doing actuation None-script open_channel True
Open O ===>> OK
GetIndicatorState O ===>> OK
change switch state (True, True)
update switch state O True args=() kw={} ncanvase=3
04:57:02 -- OPEN   VALVE-O (Jan Ion Pump)
-------------------------- open O () result=[(True, True)]
action=open, ok=True, locked=[False]
executed snippet estimated_duration=0, duration=0.362352848053
jan_pump_ms.py completed successfully
setting _ms_pumptime
Post Measurement Finished
04:57:02 -- ******* Post Measurement Finished *******
$$$$$$$$$$$$$$$$$$$$ state at run end measurement
state changed from measurement to success
post measurement save measured=True aborted=False
Set filtering
setting fod for Ar41= {'filter_outliers': True, 'std_devs': 2, 'iterations': 1}
setting fod for H2= {'filter_outliers': True, 'std_devs': 2, 'iterations': 1}
setting fod for Ar40= {'filter_outliers': True, 'std_devs': 2, 'iterations': 1}
setting fod for H1= {'filter_outliers': True, 'std_devs': 2, 'iterations': 1}
setting fod for Ar36= {'filter_outliers': True, 'std_devs': 2, 'iterations': 1}
setting fod for CDD= {'filter_outliers': True, 'std_devs': 10, 'iterations': 1}
setting fod for Ar37= {'filter_outliers': True, 'std_devs': 2, 'iterations': 1}
setting fod for L2= {'filter_outliers': True, 'std_devs': 2, 'iterations': 1}
setting fod for Ar38= {'filter_outliers': True, 'std_devs': 2, 'iterations': 1}
setting fod for L1= {'filter_outliers': True, 'std_devs': 2, 'iterations': 1}
setting fod for Ar39= {'filter_outliers': True, 'std_devs': 2, 'iterations': 1}
setting fod for AX= {'filter_outliers': True, 'std_devs': 2, 'iterations': 1}
persistence save...
persistence save - db
post measurement save
6308220848 connecting to database sqlite:////Users/jan/PychronDev/.appdata/local_lab.db
connected to db sqlite:////Users/jan/PychronDev/.appdata/local_lab.db
create new session 6308220848
close session 6308220848
No database instance. Not saving post measurement to isotopedb database
$$$$$$$$$$$$$$$ auto_save_detector_ic=False
massspec enabled True
create new session 4724807920
MassSpec Database Version: 16.0
close session 4724807920
saving post measurement to secondary database
saving to massspec database 129.138.12.160/massspecdata
setting labnumber to 65641
setting aliquot to 8
setting step to 
setting uuid to 0d4c248c-e0ea-400d-81a3-ff9924dc5621
setting irradpos to 65641
setting extract_device to Fusions CO2
setting tray to 
setting position to 176
setting power_requested to 4.5
setting extract_value to 4.5
setting duration to 30.0
setting duration_at_request to 30.0
setting first_stage_delay to 30.0
setting cleanup to 30.0
setting comment to D:24
setting irradiation to NM-290
setting level to D
setting irradiation_level to D
setting sample to H16-5
setting material to Sanidine+Plagioclase
setting project to IR1005
setting mass_spectrometer to Jan
no attribute chron_dosages
no attribute production_ratios
no attribute interference_corrections
no attribute production_name
no attribute j
Reference Isotope=Ar40
Reference Detector=H1
%%%%%%%%%%%%%%%%%%%% Comment: D:24 %%%%%%%%%%%%%%%%%%%
adding isotope Ar41 H2
add baseline dbdet= Ar41. original det= H2
get baseline data Ar41 H2
Get data baseline <pychron.processing.isotope.Baseline object at 0x19d50bb10> len t=60
baseline Ar41. v=-0.201426503669, e=0.00703623551548
get signal data Ar41 H2
Get data signal Ar41 0.055+/-0.006 len t=120
adding isotope Ar40 H1
add baseline dbdet= Ar40. original det= H1
get baseline data Ar40 H1
Get data baseline <pychron.processing.isotope.Baseline object at 0x1a00e0810> len t=60
baseline Ar40. v=0.153772863511, e=0.00444304864751
get signal data Ar40 H1
Get data signal Ar40 449.35+/-0.04 len t=120
adding isotope Ar39 AX
add baseline dbdet= Ar39. original det= AX
get baseline data Ar39 AX
Get data baseline <pychron.processing.isotope.Baseline object at 0x175596290> len t=60
baseline Ar39. v=-0.0829436914348, e=0.00672692478133
get signal data Ar39 AX
Get data signal Ar39 71.354+/-0.017 len t=120
adding isotope Ar38 L1
add baseline dbdet= Ar38. original det= L1
get baseline data Ar38 L1
Get data baseline <pychron.processing.isotope.Baseline object at 0x1755964d0> len t=60
baseline Ar38. v=-0.0207407681592, e=0.00272314756151
get signal data Ar38 L1
Get data signal Ar38 0.903+/-0.004 len t=120
adding isotope Ar37 L2
add baseline dbdet= Ar37. original det= L2
get baseline data Ar37 L2
Get data baseline <pychron.processing.isotope.Baseline object at 0x169f15d90> len t=60
baseline Ar37. v=-0.0142024939558, e=0.00607135291489
get signal data Ar37 L2
Get data signal Ar37 0.213+/-0.010 len t=120
adding isotope Ar36 CDD
add baseline dbdet= Ar36. original det= CDD
get baseline data Ar36 CDD
Get data baseline <pychron.processing.isotope.Baseline object at 0x17d7d8690> len t=60
baseline Ar36. v=0.000148115997647, e=1.58066218997e-05
get signal data Ar36 CDD
Get data signal Ar36 0.00726+/-0.00023 len t=120
65641-08 added analysis time 0.530121088028s
analysis added to mass spec database
mass spec save time= 0.540
persistence save - dvc
================= post measurement started
create new session 4939153776
close session 4939153776
---------------- Experiment Queue saving disabled
DVC saving peakcenter
Failed to find a valid peak. No peak greater than 1.0. max = 0.0168122222634
Smart pull ahead: 0 behind: 0
Up-to-date with origin
add to repo msg=modified - ad8224ebc6dbfeb9f5997218dfa5fe690569839d.json
add to repo msg=modified - 41-08.json
add to repo msg=modified - 41-08.dat.json
add to repo msg=modified - 41-08.blan.json
add to repo msg=modified - 41-08.inte.json
add to repo msg=modified - 41-08.icfa.json
add to repo msg=modified - 41-08.base.json
not at valid file /Users/jan/PychronDev/data/.dvc/repositories/C_Henry/656/tags/41-08.tags.json
add to repo msg=modified - 41-08.peak.json
add to repo msg=modified - 41-08.extr.json
not at valid file /Users/jan/PychronDev/data/.dvc/repositories/C_Henry/656/monitor/41-08.moni.json
commit message=<COLLECTION>
add to repo msg=modified - 41-08.inte.json
add to repo msg=modified - 41-08.base.json
commit message=<ISOEVO> default collection fits
add to repo msg=modified - 41-08.blan.json
commit message=<BLANKS> preceding bu-FC-J-8002
add to repo msg=modified - 41-08.icfa.json
commit message=<ICFactor> default
push repository <pychron.git_archive.repo_manager.GitRepoManager object at 0x1ab1eb8f0>
pushing to remote=origin, url=https://github.com
no changes to meta repo
create new session 4939153776
add association C_Henry
get identifier "65641"
setting analysis irradiation position=<pychron.dvc.dvc_orm.IrradiationPositionTbl object at 0x1a6abb490>
close session 4939153776
================= post measurement finished
04:57:15 -- ******* Post Run Check *******
loading queue conditionals post_run_actions
loading system conditionals post_run_actions
loading conditionals from /Users/jan/PychronDev/setupfiles/spectrometer/default_conditionals.yaml
loading queue conditionals post_run_terminations
loading system conditionals post_run_terminations
loading conditionals from /Users/jan/PychronDev/setupfiles/spectrometer/default_conditionals.yaml
Checking default post run terminations n=1
GetDeflection CDD ===>> 50
testing CDD==2000
evaluate ot="CDD.deflection==2000" t="CDD==2000", ctx="{'CDD': 50.0}"
04:57:15 -- ******* Post Run Check Passed *******
04:57:15 -- Automated run 65641-08 success duration: 363.764 s
----------------- finish -----------------
----------------- stop -----------------
retroactive repository identifiers disabled
finish run. runs completed=55
update duration runid=65641-08, duration=363.764001131, md5=301e91d8
loading script "jan_unknown120_60.py"
loading script "jan_pump_ms.py"
loading script "jan_co2.py"
loading script "jan_pump_extraction_line.py"
testing...
no interpolation path defined
executed snippet estimated_duration=213.652928, duration=0.00040602684021
script duration name:unknown120_60 seconds:214.0
loading script "jan_unknown120_60.py"
loading script "jan_pump_ms.py"
loading script "jan_co2.py"
loading script "jan_pump_extraction_line.py"
testing...
no interpolation path defined
executed snippet estimated_duration=0, duration=3.00407409668e-05
loading script "jan_unknown120_60.py"
loading script "jan_pump_ms.py"
loading script "jan_co2.py"
loading script "jan_pump_extraction_line.py"
testing...
no interpolation path defined
calculate duration
testing...
no interpolation path defined
executed snippet estimated_duration=0, duration=9.41753387451e-05
calculate duration
testing...
no interpolation path defined
executed snippet estimated_duration=0, duration=0.00016188621521
executed snippet estimated_duration=0.0, duration=0.00577020645142
script duration name:co2 seconds:0.0
loading script "jan_unknown120_60.py"
loading script "jan_pump_ms.py"
loading script "jan_co2.py"
loading script "jan_pump_extraction_line.py"
testing...
no interpolation path defined
calculate duration
testing...
no interpolation path defined
executed snippet estimated_duration=4.0, duration=0.000168085098267
executed snippet estimated_duration=4.0, duration=0.00201606750488
Script duration 214.0
Run total estimated duration= 215.000
unknown120_60 in script context. using previous estimated duration
script duration name:unknown120_60 seconds:214.0
pump_ms in script context. using previous estimated duration
co2 in script context. using previous estimated duration
script duration name:co2 seconds:0.0
pump_extraction_line in script context. using previous estimated duration
Script duration 214.0
Run total estimated duration= 215.000
script duration name:unknown120_60 seconds:214.0
script duration name:co2 seconds:0.0
Script duration 214.0
Run total estimated duration= 215.000
script duration name:unknown120_60 seconds:214.0
script duration name:co2 seconds:0.0
Script duration 214.0
Run total estimated duration= 215.000
script duration name:unknown120_60 seconds:214.0
script duration name:co2 seconds:0.0
Script duration 214.0
Run total estimated duration= 215.000
script duration name:unknown120_60 seconds:214.0
script duration name:co2 seconds:0.0
Script duration 214.0
Run total estimated duration= 215.000
script duration name:unknown120_60 seconds:214.0
script duration name:co2 seconds:0.0
Script duration 214.0
Run total estimated duration= 215.000
loading script "jan_unknown400_120.py"
loading script "jan_pump_ms.py"
loading script "jan_co2.py"
loading script "jan_pump_extraction_line.py"
testing...
no interpolation path defined
executed snippet estimated_duration=556.052928, duration=0.00036096572876
script duration name:unknown400_120 seconds:556.0
script duration name:co2 seconds:0.0
Script duration 556.0
Run total estimated duration= 557.000
unknown400_120 in script context. using previous estimated duration
script duration name:unknown400_120 seconds:556.0
loading script "jan_unknown400_120.py"
loading script "jan_pump_ms.py"
loading script "jan_sniffair_x2.py"
loading script "jan_pump_extraction_line.py"
testing...
no interpolation path defined
calculate duration
testing...
no interpolation path defined
executed snippet estimated_duration=0, duration=5.31673431396e-05
calculate duration
testing...
no interpolation path defined
executed snippet estimated_duration=0, duration=0.000123023986816
calculate duration
testing...
no interpolation path defined
executed snippet estimated_duration=32.0, duration=0.000102996826172
calculate duration
testing...
no interpolation path defined
executed snippet estimated_duration=34.0, duration=0.000111103057861
calculate duration
testing...
no interpolation path defined
executed snippet estimated_duration=4.0, duration=7.91549682617e-05
calculate duration
testing...
no interpolation path defined
executed snippet estimated_duration=36.0, duration=0.0001060962677
calculate duration
testing...
no interpolation path defined
executed snippet estimated_duration=34.0, duration=0.00011682510376
calculate duration
testing...
no interpolation path defined
executed snippet estimated_duration=4.0, duration=9.01222229004e-05
calculate duration
testing...
no interpolation path defined
executed snippet estimated_duration=36.0, duration=0.000101804733276
calculate duration
testing...
no interpolation path defined
executed snippet estimated_duration=70.0, duration=0.00010085105896
executed snippet estimated_duration=250.0, duration=0.035502910614
script duration name:sniffair_x2 seconds:250.0
Script duration 806.0
Run total estimated duration= 807.000
script duration name:unknown400_120 seconds:556.0
sniffair_x2 in script context. using previous estimated duration
script duration name:sniffair_x2 seconds:250.0
Script duration 806.0
Run total estimated duration= 807.000
script duration name:unknown400_120 seconds:556.0
loading script "jan_unknown400_120.py"
loading script "jan_pump_ms.py"
loading script "jan_cocktail_x1.py"
loading script "jan_pump_extraction_line.py"
testing...
no interpolation path defined
calculate duration
testing...
no interpolation path defined
executed snippet estimated_duration=0, duration=4.50611114502e-05
calculate duration
testing...
no interpolation path defined
executed snippet estimated_duration=0, duration=0.000119924545288
calculate duration
testing...
no interpolation path defined
executed snippet estimated_duration=32.0, duration=0.000126123428345
calculate duration
testing...
no interpolation path defined
executed snippet estimated_duration=34.0, duration=0.000118970870972
calculate duration
testing...
no interpolation path defined
executed snippet estimated_duration=4.0, duration=8.60691070557e-05
calculate duration
testing...
no interpolation path defined
executed snippet estimated_duration=38.0, duration=0.000195980072021
executed snippet estimated_duration=108.0, duration=0.025722026825
script duration name:cocktail_x1 seconds:108.0
Script duration 664.0
Run total estimated duration= 665.000
script duration name:unknown120_60 seconds:214.0
cocktail_x1 in script context. using previous estimated duration
script duration name:cocktail_x1 seconds:108.0
Script duration 322.0
Run total estimated duration= 323.000
script duration name:unknown400_120 seconds:556.0
script duration name:co2 seconds:0.0
Script duration 556.0
Run total estimated duration= 557.000
script duration name:unknown120_60 seconds:214.0
script duration name:co2 seconds:0.0
Script duration 214.0
Run total estimated duration= 215.000
script duration name:unknown120_60 seconds:214.0
script duration name:co2 seconds:0.0
Script duration 214.0
Run total estimated duration= 215.000
script duration name:unknown120_60 seconds:214.0
script duration name:co2 seconds:0.0
Script duration 214.0
Run total estimated duration= 215.000
script duration name:unknown120_60 seconds:214.0
script duration name:co2 seconds:0.0
Script duration 214.0
Run total estimated duration= 215.000
script duration name:unknown120_60 seconds:214.0
script duration name:cocktail_x1 seconds:108.0
Script duration 322.0
Run total estimated duration= 323.000
script duration name:unknown120_60 seconds:214.0
script duration name:co2 seconds:0.0
Script duration 214.0
Run total estimated duration= 215.000
script duration name:unknown120_60 seconds:214.0
script duration name:co2 seconds:0.0
Script duration 214.0
Run total estimated duration= 215.000
script duration name:unknown120_60 seconds:214.0
script duration name:co2 seconds:0.0
Script duration 214.0
Run total estimated duration= 215.000
script duration name:unknown120_60 seconds:214.0
script duration name:co2 seconds:0.0
Script duration 214.0
Run total estimated duration= 215.000
script duration name:unknown400_120 seconds:556.0
script duration name:sniffair_x2 seconds:250.0
Script duration 806.0
Run total estimated duration= 807.000
script duration name:unknown400_120 seconds:556.0
script duration name:sniffair_x2 seconds:250.0
Script duration 806.0
Run total estimated duration= 807.000
script duration name:unknown120_60 seconds:214.0
script duration name:cocktail_x1 seconds:108.0
Script duration 322.0
Run total estimated duration= 323.000
script duration name:unknown120_60 seconds:214.0
script duration name:co2 seconds:0.0
Script duration 214.0
Run total estimated duration= 215.000
script duration name:unknown120_60 seconds:214.0
script duration name:co2 seconds:0.0
Script duration 214.0
Run total estimated duration= 215.000
script duration name:unknown120_60 seconds:214.0
script duration name:co2 seconds:0.0
Script duration 214.0
Run total estimated duration= 215.000
script duration name:unknown120_60 seconds:214.0
script duration name:co2 seconds:0.0
Script duration 214.0
Run total estimated duration= 215.000
script duration name:unknown400_120 seconds:556.0
script duration name:co2 seconds:0.0
Script duration 556.0
Run total estimated duration= 557.000
script duration name:unknown120_60 seconds:214.0
script duration name:co2 seconds:0.0
Script duration 214.0
Run total estimated duration= 215.000
script duration name:unknown120_60 seconds:214.0
script duration name:co2 seconds:0.0
Script duration 214.0
Run total estimated duration= 215.000
script duration name:unknown120_60 seconds:214.0
script duration name:co2 seconds:0.0
Script duration 214.0
Run total estimated duration= 215.000
script duration name:unknown120_60 seconds:214.0
script duration name:co2 seconds:0.0
Script duration 214.0
Run total estimated duration= 215.000
script duration name:unknown120_60 seconds:214.0
script duration name:co2 seconds:0.0
Script duration 214.0
Run total estimated duration= 215.000
script duration name:unknown120_60 seconds:214.0
script duration name:co2 seconds:0.0
Script duration 214.0
Run total estimated duration= 215.000
script duration name:unknown120_60 seconds:214.0
script duration name:co2 seconds:0.0
Script duration 214.0
Run total estimated duration= 215.000
script duration name:unknown120_60 seconds:214.0
script duration name:co2 seconds:0.0
Script duration 214.0
Run total estimated duration= 215.000
script duration name:unknown120_60 seconds:214.0
script duration name:co2 seconds:0.0
Script duration 214.0
Run total estimated duration= 215.000
script duration name:unknown400_120 seconds:556.0
script duration name:cocktail_x1 seconds:108.0
Script duration 664.0
Run total estimated duration= 665.000
script duration name:unknown120_60 seconds:214.0
script duration name:cocktail_x1 seconds:108.0
Script duration 322.0
Run total estimated duration= 323.000
script duration name:unknown120_60 seconds:214.0
script duration name:co2 seconds:0.0
Script duration 214.0
Run total estimated duration= 215.000
nruns=42 before=5.0, run_dur=13756.0, btw=1845.0
write rem/ex queues
/Users/jan/PychronDev/experiments/rem/CurrentExperiment.rem.txt
/Users/jan/PychronDev/experiments/rem/CurrentExperiment.ex.txt
doing event level: 3
